[18-Jul-23 10:11:33 - INFO] - bot - Bot Running..!

Created by 
https://t.me/CodeXBotz
[18-Jul-23 10:11:33 - INFO] - bot -  

       
░█████╗░░█████╗░██████╗░███████╗██╗░░██╗██████╗░░█████╗░████████╗███████╗
██╔══██╗██╔══██╗██╔══██╗██╔════╝╚██╗██╔╝██╔══██╗██╔══██╗╚══██╔══╝╚════██║
██║░░╚═╝██║░░██║██║░░██║█████╗░░░╚███╔╝░██████╦╝██║░░██║░░░██║░░░░░███╔═╝
██║░░██╗██║░░██║██║░░██║██╔══╝░░░██╔██╗░██╔══██╗██║░░██║░░░██║░░░██╔══╝░░
╚█████╔╝╚█████╔╝██████╔╝███████╗██╔╝╚██╗██████╦╝╚█████╔╝░░░██║░░░███████╗
░╚════╝░░╚════╝░╚═════╝░╚══════╝╚═╝░░╚═╝╚═════╝░░╚════╝░░░░╚═╝░░░╚══════╝
                                          
[18-Jul-23 10:17:29 - INFO] - aiohttp.access - 45.56.108.128 [18/Jul/2023:10:17:29 +0000] "GET /systembc/password.php HTTP/1.0" 404 173 "-" "Mozilla/5.0 (Macintosh; Intel Mac OS X 10_15_7) AppleWebKit/537.36 (KHTML, like Gecko) Chrome/107.0.0.0 Safari/537.36"
[18-Jul-23 10:18:23 - INFO] - root - Stop signal received (SIGTERM). Exiting...
[18-Jul-23 10:18:27 - INFO] - bot - Bot stopped.
[18-Jul-23 10:19:18 - INFO] - bot - Bot Running..!

Created by 
https://t.me/CodeXBotz
[18-Jul-23 10:19:18 - INFO] - bot -  

       
░█████╗░░█████╗░██████╗░███████╗██╗░░██╗██████╗░░█████╗░████████╗███████╗
██╔══██╗██╔══██╗██╔══██╗██╔════╝╚██╗██╔╝██╔══██╗██╔══██╗╚══██╔══╝╚════██║
██║░░╚═╝██║░░██║██║░░██║█████╗░░░╚███╔╝░██████╦╝██║░░██║░░░██║░░░░░███╔═╝
██║░░██╗██║░░██║██║░░██║██╔══╝░░░██╔██╗░██╔══██╗██║░░██║░░░██║░░░██╔══╝░░
╚█████╔╝╚█████╔╝██████╔╝███████╗██╔╝╚██╗██████╦╝╚█████╔╝░░░██║░░░███████╗
░╚════╝░░╚════╝░╚═════╝░╚══════╝╚═╝░░╚═╝╚═════╝░░╚════╝░░░░╚═╝░░░╚══════╝
                                          
[18-Jul-23 10:29:26 - WARNING] - pyrogram.session.session - [Bot] Waiting for 5 seconds before continuing (required by "messages.SendMedia")
[18-Jul-23 10:29:26 - WARNING] - pyrogram.session.session - [Bot] Waiting for 5 seconds before continuing (required by "messages.SendMedia")
[18-Jul-23 10:29:26 - WARNING] - pyrogram.session.session - [Bot] Waiting for 5 seconds before continuing (required by "messages.SendMedia")
[18-Jul-23 10:29:26 - WARNING] - pyrogram.session.session - [Bot] Waiting for 5 seconds before continuing (required by "messages.SendMedia")
[18-Jul-23 10:29:26 - WARNING] - pyrogram.session.session - [Bot] Waiting for 5 seconds before continuing (required by "messages.SendMedia")
[18-Jul-23 10:29:26 - WARNING] - pyrogram.session.session - [Bot] Waiting for 5 seconds before continuing (required by "messages.SendMedia")
[18-Jul-23 10:29:26 - WARNING] - pyrogram.session.session - [Bot] Waiting for 5 seconds before continuing (required by "messages.SendMedia")
[18-Jul-23 10:29:26 - WARNING] - pyrogram.session.session - [Bot] Waiting for 5 seconds before continuing (required by "messages.SendMedia")
[18-Jul-23 10:29:26 - WARNING] - pyrogram.session.session - [Bot] Waiting for 5 seconds before continuing (required by "messages.SendMedia")
[18-Jul-23 10:29:26 - WARNING] - pyrogram.session.session - [Bot] Waiting for 5 seconds before continuing (required by "messages.SendMedia")
[18-Jul-23 10:29:26 - WARNING] - pyrogram.session.session - [Bot] Waiting for 5 seconds before continuing (required by "messages.SendMedia")
[18-Jul-23 10:29:26 - WARNING] - pyrogram.session.session - [Bot] Waiting for 5 seconds before continuing (required by "messages.SendMedia")
[18-Jul-23 10:29:26 - WARNING] - pyrogram.session.session - [Bot] Waiting for 5 seconds before continuing (required by "messages.SendMedia")
[18-Jul-23 10:29:26 - WARNING] - pyrogram.session.session - [Bot] Waiting for 5 seconds before continuing (required by "messages.SendMedia")
[18-Jul-23 10:29:26 - WARNING] - pyrogram.session.session - [Bot] Waiting for 5 seconds before continuing (required by "messages.SendMedia")
[18-Jul-23 10:29:26 - WARNING] - pyrogram.session.session - [Bot] Waiting for 5 seconds before continuing (required by "messages.SendMedia")
[18-Jul-23 10:29:26 - WARNING] - pyrogram.session.session - [Bot] Waiting for 5 seconds before continuing (required by "messages.SendMedia")
[18-Jul-23 10:29:26 - WARNING] - pyrogram.session.session - [Bot] Waiting for 5 seconds before continuing (required by "messages.SendMedia")
[18-Jul-23 10:29:26 - WARNING] - pyrogram.session.session - [Bot] Waiting for 5 seconds before continuing (required by "messages.SendMedia")
[18-Jul-23 10:29:26 - WARNING] - pyrogram.session.session - [Bot] Waiting for 5 seconds before continuing (required by "messages.SendMedia")
[18-Jul-23 10:29:26 - WARNING] - pyrogram.session.session - [Bot] Waiting for 5 seconds before continuing (required by "messages.SendMedia")
[18-Jul-23 10:29:26 - WARNING] - pyrogram.session.session - [Bot] Waiting for 5 seconds before continuing (required by "messages.SendMedia")
[18-Jul-23 10:29:26 - WARNING] - pyrogram.session.session - [Bot] Waiting for 5 seconds before continuing (required by "messages.SendMedia")
[18-Jul-23 10:29:26 - WARNING] - pyrogram.session.session - [Bot] Waiting for 5 seconds before continuing (required by "messages.SendMedia")
[18-Jul-23 10:29:26 - WARNING] - pyrogram.session.session - [Bot] Waiting for 5 seconds before continuing (required by "messages.SendMedia")
[18-Jul-23 10:29:26 - WARNING] - pyrogram.session.session - [Bot] Waiting for 5 seconds before continuing (required by "messages.SendMedia")
[18-Jul-23 10:29:26 - WARNING] - pyrogram.session.session - [Bot] Waiting for 5 seconds before continuing (required by "messages.EditMessage")
[18-Jul-23 10:29:26 - WARNING] - pyrogram.session.session - [Bot] Waiting for 5 seconds before continuing (required by "messages.EditMessage")
[18-Jul-23 10:29:26 - WARNING] - pyrogram.session.session - [Bot] Waiting for 5 seconds before continuing (required by "messages.EditMessage")
[18-Jul-23 10:29:26 - WARNING] - pyrogram.session.session - [Bot] Waiting for 5 seconds before continuing (required by "messages.EditMessage")
[18-Jul-23 10:29:27 - WARNING] - pyrogram.session.session - [Bot] Waiting for 5 seconds before continuing (required by "messages.EditMessage")
[18-Jul-23 10:29:31 - WARNING] - pyrogram.session.session - [Bot] Waiting for 5 seconds before continuing (required by "messages.SendMedia")
[18-Jul-23 10:29:31 - WARNING] - pyrogram.session.session - [Bot] Waiting for 5 seconds before continuing (required by "messages.SendMedia")
[18-Jul-23 10:29:31 - WARNING] - pyrogram.session.session - [Bot] Waiting for 5 seconds before continuing (required by "messages.SendMedia")
[18-Jul-23 10:29:32 - WARNING] - pyrogram.session.session - [Bot] Waiting for 5 seconds before continuing (required by "messages.SendMedia")
[18-Jul-23 10:29:32 - WARNING] - pyrogram.session.session - [Bot] Waiting for 5 seconds before continuing (required by "messages.SendMedia")
[18-Jul-23 10:29:32 - WARNING] - pyrogram.session.session - [Bot] Waiting for 5 seconds before continuing (required by "messages.SendMedia")
[18-Jul-23 10:29:32 - WARNING] - pyrogram.session.session - [Bot] Waiting for 5 seconds before continuing (required by "messages.SendMedia")
[18-Jul-23 10:29:32 - WARNING] - pyrogram.session.session - [Bot] Waiting for 5 seconds before continuing (required by "messages.SendMedia")
[18-Jul-23 10:29:32 - WARNING] - pyrogram.session.session - [Bot] Waiting for 5 seconds before continuing (required by "messages.SendMedia")
[18-Jul-23 10:29:32 - WARNING] - pyrogram.session.session - [Bot] Waiting for 5 seconds before continuing (required by "messages.SendMedia")
[18-Jul-23 10:29:32 - WARNING] - pyrogram.session.session - [Bot] Waiting for 5 seconds before continuing (required by "messages.SendMedia")
[18-Jul-23 10:29:32 - WARNING] - pyrogram.session.session - [Bot] Waiting for 5 seconds before continuing (required by "messages.SendMedia")
[18-Jul-23 10:29:32 - WARNING] - pyrogram.session.session - [Bot] Waiting for 5 seconds before continuing (required by "messages.SendMedia")
[18-Jul-23 10:29:32 - WARNING] - pyrogram.session.session - [Bot] Waiting for 5 seconds before continuing (required by "messages.SendMedia")
[18-Jul-23 10:29:32 - WARNING] - pyrogram.session.session - [Bot] Waiting for 5 seconds before continuing (required by "messages.SendMedia")
[18-Jul-23 10:29:32 - WARNING] - pyrogram.session.session - [Bot] Waiting for 4 seconds before continuing (required by "messages.SendMedia")
[18-Jul-23 10:29:32 - WARNING] - pyrogram.session.session - [Bot] Waiting for 4 seconds before continuing (required by "messages.SendMedia")
[18-Jul-23 10:29:32 - WARNING] - pyrogram.session.session - [Bot] Waiting for 4 seconds before continuing (required by "messages.SendMedia")
[18-Jul-23 10:29:32 - WARNING] - pyrogram.session.session - [Bot] Waiting for 4 seconds before continuing (required by "messages.SendMedia")
[18-Jul-23 10:29:32 - WARNING] - pyrogram.session.session - [Bot] Waiting for 4 seconds before continuing (required by "messages.SendMedia")
[18-Jul-23 10:29:32 - WARNING] - pyrogram.session.session - [Bot] Waiting for 4 seconds before continuing (required by "messages.SendMedia")
[18-Jul-23 10:29:32 - WARNING] - pyrogram.session.session - [Bot] Waiting for 4 seconds before continuing (required by "messages.EditMessage")
[18-Jul-23 10:29:32 - WARNING] - pyrogram.session.session - [Bot] Waiting for 4 seconds before continuing (required by "messages.EditMessage")
[18-Jul-23 10:29:32 - WARNING] - pyrogram.session.session - [Bot] Waiting for 4 seconds before continuing (required by "messages.EditMessage")
[18-Jul-23 10:29:32 - WARNING] - pyrogram.session.session - [Bot] Waiting for 4 seconds before continuing (required by "messages.EditMessage")
[18-Jul-23 10:29:32 - WARNING] - pyrogram.session.session - [Bot] Waiting for 4 seconds before continuing (required by "messages.EditMessage")
[18-Jul-23 10:29:32 - WARNING] - pyrogram.session.session - [Bot] Waiting for 4 seconds before continuing (required by "messages.EditMessage")
[18-Jul-23 10:29:32 - WARNING] - pyrogram.session.session - [Bot] Waiting for 4 seconds before continuing (required by "messages.EditMessage")
[18-Jul-23 10:29:32 - WARNING] - pyrogram.session.session - [Bot] Waiting for 4 seconds before continuing (required by "messages.EditMessage")
[18-Jul-23 10:29:32 - WARNING] - pyrogram.session.session - [Bot] Waiting for 4 seconds before continuing (required by "messages.EditMessage")
[18-Jul-23 10:29:32 - WARNING] - pyrogram.session.session - [Bot] Waiting for 4 seconds before continuing (required by "messages.EditMessage")
[18-Jul-23 10:29:36 - WARNING] - pyrogram.session.session - [Bot] Waiting for 3 seconds before continuing (required by "messages.SendMedia")
[18-Jul-23 10:29:36 - WARNING] - pyrogram.session.session - [Bot] Waiting for 3 seconds before continuing (required by "messages.SendMedia")
[18-Jul-23 10:29:36 - WARNING] - pyrogram.session.session - [Bot] Waiting for 3 seconds before continuing (required by "messages.SendMedia")
[18-Jul-23 10:29:36 - WARNING] - pyrogram.session.session - [Bot] Waiting for 3 seconds before continuing (required by "messages.SendMedia")
[18-Jul-23 10:29:36 - WARNING] - pyrogram.session.session - [Bot] Waiting for 3 seconds before continuing (required by "messages.SendMedia")
[18-Jul-23 10:29:36 - WARNING] - pyrogram.session.session - [Bot] Waiting for 3 seconds before continuing (required by "messages.SendMedia")
[18-Jul-23 10:29:36 - WARNING] - pyrogram.session.session - [Bot] Waiting for 3 seconds before continuing (required by "messages.EditMessage")
[18-Jul-23 10:29:36 - WARNING] - pyrogram.session.session - [Bot] Waiting for 3 seconds before continuing (required by "messages.EditMessage")
[18-Jul-23 10:29:36 - WARNING] - pyrogram.session.session - [Bot] Waiting for 3 seconds before continuing (required by "messages.EditMessage")
[18-Jul-23 10:29:36 - WARNING] - pyrogram.session.session - [Bot] Waiting for 3 seconds before continuing (required by "messages.EditMessage")
[18-Jul-23 10:29:36 - WARNING] - pyrogram.session.session - [Bot] Waiting for 3 seconds before continuing (required by "messages.EditMessage")
[18-Jul-23 10:29:37 - WARNING] - pyrogram.session.session - [Bot] Waiting for 4 seconds before continuing (required by "messages.SendMedia")
[18-Jul-23 10:29:37 - WARNING] - pyrogram.session.session - [Bot] Waiting for 4 seconds before continuing (required by "messages.SendMedia")
[18-Jul-23 10:29:37 - WARNING] - pyrogram.session.session - [Bot] Waiting for 4 seconds before continuing (required by "messages.SendMedia")
[18-Jul-23 10:29:37 - WARNING] - pyrogram.session.session - [Bot] Waiting for 4 seconds before continuing (required by "messages.SendMedia")
[18-Jul-23 10:29:37 - WARNING] - pyrogram.session.session - [Bot] Waiting for 4 seconds before continuing (required by "messages.SendMedia")
[18-Jul-23 10:29:37 - WARNING] - pyrogram.session.session - [Bot] Waiting for 4 seconds before continuing (required by "messages.SendMedia")
[18-Jul-23 10:29:37 - WARNING] - pyrogram.session.session - [Bot] Waiting for 4 seconds before continuing (required by "messages.SendMedia")
[18-Jul-23 10:29:37 - WARNING] - pyrogram.session.session - [Bot] Waiting for 4 seconds before continuing (required by "messages.SendMedia")
[18-Jul-23 10:29:37 - WARNING] - pyrogram.session.session - [Bot] Waiting for 4 seconds before continuing (required by "messages.SendMedia")
[18-Jul-23 10:29:37 - WARNING] - pyrogram.session.session - [Bot] Waiting for 4 seconds before continuing (required by "messages.SendMedia")
[18-Jul-23 10:29:37 - WARNING] - pyrogram.session.session - [Bot] Waiting for 4 seconds before continuing (required by "messages.SendMedia")
[18-Jul-23 10:29:37 - WARNING] - pyrogram.session.session - [Bot] Waiting for 4 seconds before continuing (required by "messages.SendMedia")
[18-Jul-23 10:29:37 - WARNING] - pyrogram.session.session - [Bot] Waiting for 4 seconds before continuing (required by "messages.SendMedia")
[18-Jul-23 10:29:37 - WARNING] - pyrogram.session.session - [Bot] Waiting for 4 seconds before continuing (required by "messages.SendMedia")
[18-Jul-23 10:29:37 - WARNING] - pyrogram.session.session - [Bot] Waiting for 4 seconds before continuing (required by "messages.SendMedia")
[18-Jul-23 10:29:39 - WARNING] - pyrogram.session.session - [Bot] Waiting for 3 seconds before continuing (required by "messages.SendMedia")
[18-Jul-23 10:29:39 - WARNING] - pyrogram.session.session - [Bot] Waiting for 3 seconds before continuing (required by "messages.SendMedia")
[18-Jul-23 10:29:39 - WARNING] - pyrogram.session.session - [Bot] Waiting for 3 seconds before continuing (required by "messages.SendMedia")
[18-Jul-23 10:29:39 - WARNING] - pyrogram.session.session - [Bot] Waiting for 3 seconds before continuing (required by "messages.SendMedia")
[18-Jul-23 10:29:39 - WARNING] - pyrogram.session.session - [Bot] Waiting for 3 seconds before continuing (required by "messages.SendMedia")
[18-Jul-23 10:29:39 - WARNING] - pyrogram.session.session - [Bot] Waiting for 3 seconds before continuing (required by "messages.SendMedia")
[18-Jul-23 10:29:40 - WARNING] - pyrogram.session.session - [Bot] Waiting for 3 seconds before continuing (required by "messages.EditMessage")
[18-Jul-23 10:29:40 - WARNING] - pyrogram.session.session - [Bot] Waiting for 3 seconds before continuing (required by "messages.EditMessage")
[18-Jul-23 10:29:40 - WARNING] - pyrogram.session.session - [Bot] Waiting for 3 seconds before continuing (required by "messages.EditMessage")
[18-Jul-23 10:29:40 - WARNING] - pyrogram.session.session - [Bot] Waiting for 3 seconds before continuing (required by "messages.EditMessage")
[18-Jul-23 10:29:40 - WARNING] - pyrogram.session.session - [Bot] Waiting for 3 seconds before continuing (required by "messages.EditMessage")
[18-Jul-23 10:29:41 - WARNING] - pyrogram.session.session - [Bot] Waiting for 3 seconds before continuing (required by "messages.SendMedia")
[18-Jul-23 10:29:41 - WARNING] - pyrogram.session.session - [Bot] Waiting for 3 seconds before continuing (required by "messages.SendMedia")
[18-Jul-23 10:29:41 - WARNING] - pyrogram.session.session - [Bot] Waiting for 3 seconds before continuing (required by "messages.SendMedia")
[18-Jul-23 10:29:41 - WARNING] - pyrogram.session.session - [Bot] Waiting for 3 seconds before continuing (required by "messages.SendMedia")
[18-Jul-23 10:29:41 - WARNING] - pyrogram.session.session - [Bot] Waiting for 3 seconds before continuing (required by "messages.SendMedia")
[18-Jul-23 10:29:41 - WARNING] - pyrogram.session.session - [Bot] Waiting for 3 seconds before continuing (required by "messages.SendMedia")
[18-Jul-23 10:29:41 - WARNING] - pyrogram.session.session - [Bot] Waiting for 3 seconds before continuing (required by "messages.SendMedia")
[18-Jul-23 10:29:41 - WARNING] - pyrogram.session.session - [Bot] Waiting for 3 seconds before continuing (required by "messages.SendMedia")
[18-Jul-23 10:29:41 - WARNING] - pyrogram.session.session - [Bot] Waiting for 3 seconds before continuing (required by "messages.SendMedia")
[18-Jul-23 10:29:41 - WARNING] - pyrogram.session.session - [Bot] Waiting for 3 seconds before continuing (required by "messages.SendMedia")
[18-Jul-23 10:29:41 - WARNING] - pyrogram.session.session - [Bot] Waiting for 3 seconds before continuing (required by "messages.SendMedia")
[18-Jul-23 10:29:41 - WARNING] - pyrogram.session.session - [Bot] Waiting for 3 seconds before continuing (required by "messages.SendMedia")
[18-Jul-23 10:29:41 - WARNING] - pyrogram.session.session - [Bot] Waiting for 3 seconds before continuing (required by "messages.SendMedia")
[18-Jul-23 10:29:41 - WARNING] - pyrogram.session.session - [Bot] Waiting for 3 seconds before continuing (required by "messages.SendMedia")
[18-Jul-23 10:29:41 - WARNING] - pyrogram.session.session - [Bot] Waiting for 3 seconds before continuing (required by "messages.SendMedia")
[18-Jul-23 10:29:42 - WARNING] - pyrogram.session.session - [Bot] Waiting for 3 seconds before continuing (required by "messages.SendMedia")
[18-Jul-23 10:29:43 - WARNING] - pyrogram.session.session - [Bot] Waiting for 3 seconds before continuing (required by "messages.SendMedia")
[18-Jul-23 10:29:43 - WARNING] - pyrogram.session.session - [Bot] Waiting for 3 seconds before continuing (required by "messages.SendMedia")
[18-Jul-23 10:29:43 - WARNING] - pyrogram.session.session - [Bot] Waiting for 3 seconds before continuing (required by "messages.SendMedia")
[18-Jul-23 10:29:43 - WARNING] - pyrogram.session.session - [Bot] Waiting for 4 seconds before continuing (required by "messages.SendMedia")
[18-Jul-23 10:29:43 - WARNING] - pyrogram.session.session - [Bot] Waiting for 4 seconds before continuing (required by "messages.EditMessage")
[18-Jul-23 10:29:43 - WARNING] - pyrogram.session.session - [Bot] Waiting for 4 seconds before continuing (required by "messages.EditMessage")
[18-Jul-23 10:29:43 - WARNING] - pyrogram.session.session - [Bot] Waiting for 4 seconds before continuing (required by "messages.EditMessage")
[18-Jul-23 10:29:43 - WARNING] - pyrogram.session.session - [Bot] Waiting for 4 seconds before continuing (required by "messages.EditMessage")
[18-Jul-23 10:29:43 - WARNING] - pyrogram.session.session - [Bot] Waiting for 4 seconds before continuing (required by "messages.EditMessage")
[18-Jul-23 10:29:43 - WARNING] - pyrogram.session.session - [Bot] Waiting for 4 seconds before continuing (required by "messages.EditMessage")
[18-Jul-23 10:29:44 - WARNING] - pyrogram.session.session - [Bot] Waiting for 3 seconds before continuing (required by "messages.SendMedia")
[18-Jul-23 10:29:45 - WARNING] - pyrogram.session.session - [Bot] Waiting for 3 seconds before continuing (required by "messages.SendMedia")
[18-Jul-23 10:29:45 - WARNING] - pyrogram.session.session - [Bot] Waiting for 3 seconds before continuing (required by "messages.SendMedia")
[18-Jul-23 10:29:45 - WARNING] - pyrogram.session.session - [Bot] Waiting for 3 seconds before continuing (required by "messages.SendMedia")
[18-Jul-23 10:29:45 - WARNING] - pyrogram.session.session - [Bot] Waiting for 3 seconds before continuing (required by "messages.SendMedia")
[18-Jul-23 10:29:45 - WARNING] - pyrogram.session.session - [Bot] Waiting for 3 seconds before continuing (required by "messages.SendMedia")
[18-Jul-23 10:29:45 - WARNING] - pyrogram.session.session - [Bot] Waiting for 3 seconds before continuing (required by "messages.SendMedia")
[18-Jul-23 10:29:45 - WARNING] - pyrogram.session.session - [Bot] Waiting for 3 seconds before continuing (required by "messages.SendMedia")
[18-Jul-23 10:29:45 - WARNING] - pyrogram.session.session - [Bot] Waiting for 3 seconds before continuing (required by "messages.SendMedia")
[18-Jul-23 10:29:45 - WARNING] - pyrogram.session.session - [Bot] Waiting for 3 seconds before continuing (required by "messages.SendMedia")
[18-Jul-23 10:29:45 - WARNING] - pyrogram.session.session - [Bot] Waiting for 3 seconds before continuing (required by "messages.SendMedia")
[18-Jul-23 10:29:45 - WARNING] - pyrogram.session.session - [Bot] Waiting for 3 seconds before continuing (required by "messages.SendMedia")
[18-Jul-23 10:29:45 - WARNING] - pyrogram.session.session - [Bot] Waiting for 3 seconds before continuing (required by "messages.SendMedia")
[18-Jul-23 10:29:45 - WARNING] - pyrogram.session.session - [Bot] Waiting for 3 seconds before continuing (required by "messages.SendMedia")
[18-Jul-23 10:29:45 - WARNING] - pyrogram.session.session - [Bot] Waiting for 3 seconds before continuing (required by "messages.SendMedia")
[18-Jul-23 10:29:46 - WARNING] - pyrogram.session.session - [Bot] Waiting for 3 seconds before continuing (required by "messages.SendMedia")
[18-Jul-23 10:29:46 - WARNING] - pyrogram.session.session - [Bot] Waiting for 3 seconds before continuing (required by "messages.SendMedia")
[18-Jul-23 10:29:46 - WARNING] - pyrogram.session.session - [Bot] Waiting for 3 seconds before continuing (required by "messages.SendMedia")
[18-Jul-23 10:29:46 - WARNING] - pyrogram.session.session - [Bot] Waiting for 3 seconds before continuing (required by "messages.SendMedia")
[18-Jul-23 10:29:47 - WARNING] - pyrogram.session.session - [Bot] Waiting for 3 seconds before continuing (required by "messages.SendMedia")
[18-Jul-23 10:29:47 - WARNING] - pyrogram.session.session - [Bot] Waiting for 3 seconds before continuing (required by "messages.EditMessage")
[18-Jul-23 10:29:47 - WARNING] - pyrogram.session.session - [Bot] Waiting for 3 seconds before continuing (required by "messages.EditMessage")
[18-Jul-23 10:29:47 - WARNING] - pyrogram.session.session - [Bot] Waiting for 3 seconds before continuing (required by "messages.EditMessage")
[18-Jul-23 10:29:47 - WARNING] - pyrogram.session.session - [Bot] Waiting for 3 seconds before continuing (required by "messages.EditMessage")
[18-Jul-23 10:29:48 - WARNING] - pyrogram.session.session - [Bot] Waiting for 4 seconds before continuing (required by "messages.SendMedia")
[18-Jul-23 10:29:48 - WARNING] - pyrogram.session.session - [Bot] Waiting for 4 seconds before continuing (required by "messages.SendMedia")
[18-Jul-23 10:29:48 - WARNING] - pyrogram.session.session - [Bot] Waiting for 4 seconds before continuing (required by "messages.SendMedia")
[18-Jul-23 10:29:48 - WARNING] - pyrogram.session.session - [Bot] Waiting for 4 seconds before continuing (required by "messages.SendMedia")
[18-Jul-23 10:29:48 - WARNING] - pyrogram.session.session - [Bot] Waiting for 4 seconds before continuing (required by "messages.SendMedia")
[18-Jul-23 10:29:48 - WARNING] - pyrogram.session.session - [Bot] Waiting for 4 seconds before continuing (required by "messages.SendMedia")
[18-Jul-23 10:29:48 - WARNING] - pyrogram.session.session - [Bot] Waiting for 4 seconds before continuing (required by "messages.SendMedia")
[18-Jul-23 10:29:48 - WARNING] - pyrogram.session.session - [Bot] Waiting for 4 seconds before continuing (required by "messages.SendMedia")
[18-Jul-23 10:29:48 - WARNING] - pyrogram.session.session - [Bot] Waiting for 4 seconds before continuing (required by "messages.SendMedia")
[18-Jul-23 10:29:48 - WARNING] - pyrogram.session.session - [Bot] Waiting for 4 seconds before continuing (required by "messages.SendMedia")
[18-Jul-23 10:29:48 - WARNING] - pyrogram.session.session - [Bot] Waiting for 4 seconds before continuing (required by "messages.SendMedia")
[18-Jul-23 10:29:48 - WARNING] - pyrogram.session.session - [Bot] Waiting for 4 seconds before continuing (required by "messages.SendMedia")
[18-Jul-23 10:29:48 - WARNING] - pyrogram.session.session - [Bot] Waiting for 4 seconds before continuing (required by "messages.EditMessage")
[18-Jul-23 10:29:48 - WARNING] - pyrogram.session.session - [Bot] Waiting for 4 seconds before continuing (required by "messages.EditMessage")
[18-Jul-23 10:29:48 - WARNING] - pyrogram.session.session - [Bot] Waiting for 4 seconds before continuing (required by "messages.EditMessage")
[18-Jul-23 10:29:49 - WARNING] - pyrogram.session.session - [Bot] Waiting for 3 seconds before continuing (required by "messages.SendMedia")
[18-Jul-23 10:29:49 - WARNING] - pyrogram.session.session - [Bot] Waiting for 3 seconds before continuing (required by "messages.SendMedia")
[18-Jul-23 10:29:49 - WARNING] - pyrogram.session.session - [Bot] Waiting for 3 seconds before continuing (required by "messages.SendMedia")
[18-Jul-23 10:29:49 - WARNING] - pyrogram.session.session - [Bot] Waiting for 3 seconds before continuing (required by "messages.SendMedia")
[18-Jul-23 10:29:50 - WARNING] - pyrogram.session.session - [Bot] Waiting for 3 seconds before continuing (required by "messages.SendMedia")
[18-Jul-23 10:29:50 - WARNING] - pyrogram.session.session - [Bot] Waiting for 3 seconds before continuing (required by "messages.EditMessage")
[18-Jul-23 10:29:50 - WARNING] - pyrogram.session.session - [Bot] Waiting for 3 seconds before continuing (required by "messages.EditMessage")
[18-Jul-23 10:29:50 - WARNING] - pyrogram.session.session - [Bot] Waiting for 3 seconds before continuing (required by "messages.EditMessage")
[18-Jul-23 10:29:50 - WARNING] - pyrogram.session.session - [Bot] Waiting for 3 seconds before continuing (required by "messages.EditMessage")
[18-Jul-23 10:29:52 - WARNING] - pyrogram.session.session - [Bot] Waiting for 3 seconds before continuing (required by "messages.SendMedia")
[18-Jul-23 10:29:52 - WARNING] - pyrogram.session.session - [Bot] Waiting for 3 seconds before continuing (required by "messages.SendMedia")
[18-Jul-23 10:29:52 - WARNING] - pyrogram.session.session - [Bot] Waiting for 3 seconds before continuing (required by "messages.SendMedia")
[18-Jul-23 10:29:52 - WARNING] - pyrogram.session.session - [Bot] Waiting for 3 seconds before continuing (required by "messages.SendMedia")
[18-Jul-23 10:29:52 - WARNING] - pyrogram.session.session - [Bot] Waiting for 3 seconds before continuing (required by "messages.SendMedia")
[18-Jul-23 10:29:52 - WARNING] - pyrogram.session.session - [Bot] Waiting for 3 seconds before continuing (required by "messages.SendMedia")
[18-Jul-23 10:29:52 - WARNING] - pyrogram.session.session - [Bot] Waiting for 3 seconds before continuing (required by "messages.SendMedia")
[18-Jul-23 10:29:52 - WARNING] - pyrogram.session.session - [Bot] Waiting for 3 seconds before continuing (required by "messages.SendMedia")
[18-Jul-23 10:29:52 - WARNING] - pyrogram.session.session - [Bot] Waiting for 3 seconds before continuing (required by "messages.SendMedia")
[18-Jul-23 10:29:52 - WARNING] - pyrogram.session.session - [Bot] Waiting for 3 seconds before continuing (required by "messages.SendMedia")
[18-Jul-23 10:29:52 - WARNING] - pyrogram.session.session - [Bot] Waiting for 3 seconds before continuing (required by "messages.SendMedia")
[18-Jul-23 10:29:52 - WARNING] - pyrogram.session.session - [Bot] Waiting for 3 seconds before continuing (required by "messages.SendMedia")
[18-Jul-23 10:29:52 - WARNING] - pyrogram.session.session - [Bot] Waiting for 3 seconds before continuing (required by "messages.SendMedia")
[18-Jul-23 10:29:53 - WARNING] - pyrogram.session.session - [Bot] Waiting for 4 seconds before continuing (required by "messages.EditMessage")
[18-Jul-23 10:29:53 - WARNING] - pyrogram.session.session - [Bot] Waiting for 4 seconds before continuing (required by "messages.EditMessage")
[18-Jul-23 10:29:53 - WARNING] - pyrogram.session.session - [Bot] Waiting for 4 seconds before continuing (required by "messages.SendMedia")
[18-Jul-23 10:29:53 - WARNING] - pyrogram.session.session - [Bot] Waiting for 4 seconds before continuing (required by "messages.EditMessage")
[18-Jul-23 10:29:53 - WARNING] - pyrogram.session.session - [Bot] Waiting for 4 seconds before continuing (required by "messages.EditMessage")
[18-Jul-23 10:29:53 - WARNING] - pyrogram.session.session - [Bot] Waiting for 4 seconds before continuing (required by "messages.EditMessage")
[18-Jul-23 10:29:54 - WARNING] - pyrogram.session.session - [Bot] Waiting for 3 seconds before continuing (required by "messages.EditMessage")
[18-Jul-23 10:29:54 - WARNING] - pyrogram.session.session - [Bot] Waiting for 3 seconds before continuing (required by "messages.EditMessage")
[18-Jul-23 10:29:54 - WARNING] - pyrogram.session.session - [Bot] Waiting for 3 seconds before continuing (required by "messages.EditMessage")
[18-Jul-23 10:29:55 - WARNING] - pyrogram.session.session - [Bot] Waiting for 3 seconds before continuing (required by "messages.SendMedia")
[18-Jul-23 10:29:55 - WARNING] - pyrogram.session.session - [Bot] Waiting for 3 seconds before continuing (required by "messages.SendMedia")
[18-Jul-23 10:29:55 - WARNING] - pyrogram.session.session - [Bot] Waiting for 3 seconds before continuing (required by "messages.SendMedia")
[18-Jul-23 10:29:55 - WARNING] - pyrogram.session.session - [Bot] Waiting for 3 seconds before continuing (required by "messages.SendMedia")
[18-Jul-23 10:29:55 - WARNING] - pyrogram.session.session - [Bot] Waiting for 3 seconds before continuing (required by "messages.SendMedia")
[18-Jul-23 10:29:55 - WARNING] - pyrogram.session.session - [Bot] Waiting for 3 seconds before continuing (required by "messages.SendMedia")
[18-Jul-23 10:29:55 - WARNING] - pyrogram.session.session - [Bot] Waiting for 3 seconds before continuing (required by "messages.SendMedia")
[18-Jul-23 10:29:55 - WARNING] - pyrogram.session.session - [Bot] Waiting for 3 seconds before continuing (required by "messages.SendMedia")
[18-Jul-23 10:29:55 - WARNING] - pyrogram.session.session - [Bot] Waiting for 3 seconds before continuing (required by "messages.SendMedia")
[18-Jul-23 10:29:55 - WARNING] - pyrogram.session.session - [Bot] Waiting for 3 seconds before continuing (required by "messages.SendMedia")
[18-Jul-23 10:29:55 - WARNING] - pyrogram.session.session - [Bot] Waiting for 3 seconds before continuing (required by "messages.SendMedia")
[18-Jul-23 10:29:55 - WARNING] - pyrogram.session.session - [Bot] Waiting for 3 seconds before continuing (required by "messages.SendMedia")
[18-Jul-23 10:29:55 - WARNING] - pyrogram.session.session - [Bot] Waiting for 3 seconds before continuing (required by "messages.SendMedia")
[18-Jul-23 10:29:57 - WARNING] - pyrogram.session.session - [Bot] Waiting for 3 seconds before continuing (required by "messages.EditMessage")
[18-Jul-23 10:29:57 - WARNING] - pyrogram.session.session - [Bot] Waiting for 3 seconds before continuing (required by "messages.EditMessage")
[18-Jul-23 10:29:57 - WARNING] - pyrogram.session.session - [Bot] Waiting for 3 seconds before continuing (required by "messages.EditMessage")
[18-Jul-23 10:29:57 - WARNING] - pyrogram.session.session - [Bot] Waiting for 3 seconds before continuing (required by "messages.EditMessage")
[18-Jul-23 10:29:57 - WARNING] - pyrogram.session.session - [Bot] Waiting for 3 seconds before continuing (required by "messages.EditMessage")
[18-Jul-23 10:29:58 - WARNING] - pyrogram.session.session - [Bot] Waiting for 4 seconds before continuing (required by "messages.SendMedia")
[18-Jul-23 10:29:58 - WARNING] - pyrogram.session.session - [Bot] Waiting for 4 seconds before continuing (required by "messages.SendMedia")
[18-Jul-23 10:29:58 - WARNING] - pyrogram.session.session - [Bot] Waiting for 4 seconds before continuing (required by "messages.SendMedia")
[18-Jul-23 10:29:58 - WARNING] - pyrogram.session.session - [Bot] Waiting for 4 seconds before continuing (required by "messages.SendMedia")
[18-Jul-23 10:29:58 - WARNING] - pyrogram.session.session - [Bot] Waiting for 4 seconds before continuing (required by "messages.SendMedia")
[18-Jul-23 10:29:58 - WARNING] - pyrogram.session.session - [Bot] Waiting for 4 seconds before continuing (required by "messages.SendMedia")
[18-Jul-23 10:29:59 - WARNING] - pyrogram.session.session - [Bot] Waiting for 4 seconds before continuing (required by "messages.SendMedia")
[18-Jul-23 10:29:59 - WARNING] - pyrogram.session.session - [Bot] Waiting for 4 seconds before continuing (required by "messages.SendMedia")
[18-Jul-23 10:29:59 - WARNING] - pyrogram.session.session - [Bot] Waiting for 3 seconds before continuing (required by "messages.SendMedia")
[18-Jul-23 10:29:59 - WARNING] - pyrogram.session.session - [Bot] Waiting for 3 seconds before continuing (required by "messages.SendMedia")
[18-Jul-23 10:29:59 - WARNING] - pyrogram.session.session - [Bot] Waiting for 3 seconds before continuing (required by "messages.SendMedia")
[18-Jul-23 10:29:59 - WARNING] - pyrogram.session.session - [Bot] Waiting for 3 seconds before continuing (required by "messages.SendMedia")
[18-Jul-23 10:29:59 - WARNING] - pyrogram.session.session - [Bot] Waiting for 3 seconds before continuing (required by "messages.SendMedia")
[18-Jul-23 10:30:00 - WARNING] - pyrogram.session.session - [Bot] Waiting for 3 seconds before continuing (required by "messages.EditMessage")
[18-Jul-23 10:30:00 - WARNING] - pyrogram.session.session - [Bot] Waiting for 3 seconds before continuing (required by "messages.EditMessage")
[18-Jul-23 10:30:00 - WARNING] - pyrogram.session.session - [Bot] Waiting for 3 seconds before continuing (required by "messages.EditMessage")
[18-Jul-23 10:30:00 - WARNING] - pyrogram.session.session - [Bot] Waiting for 3 seconds before continuing (required by "messages.EditMessage")
[18-Jul-23 10:30:00 - WARNING] - pyrogram.session.session - [Bot] Waiting for 3 seconds before continuing (required by "messages.EditMessage")
[18-Jul-23 10:30:02 - WARNING] - pyrogram.session.session - [Bot] Waiting for 3 seconds before continuing (required by "messages.SendMedia")
[18-Jul-23 10:30:02 - WARNING] - pyrogram.session.session - [Bot] Waiting for 3 seconds before continuing (required by "messages.SendMedia")
[18-Jul-23 10:30:02 - WARNING] - pyrogram.session.session - [Bot] Waiting for 3 seconds before continuing (required by "messages.SendMedia")
[18-Jul-23 10:30:02 - WARNING] - pyrogram.session.session - [Bot] Waiting for 3 seconds before continuing (required by "messages.SendMedia")
[18-Jul-23 10:30:02 - WARNING] - pyrogram.session.session - [Bot] Waiting for 3 seconds before continuing (required by "messages.SendMedia")
[18-Jul-23 10:30:03 - WARNING] - pyrogram.session.session - [Bot] Waiting for 5 seconds before continuing (required by "messages.SendMedia")
[18-Jul-23 10:30:03 - ERROR] - pyrogram.dispatcher - 'FloodWait' object has no attribute 'x'
Traceback (most recent call last):
  File "/home/ubuntu/public/Public-file-send-bot/plugins/channel_post.py", line 16, in channel_post
    post_message = await message.copy(chat_id=client.db_channel.id, disable_notification=True)
  File "/usr/local/lib/python3.10/dist-packages/pyrogram/types/messages_and_media/message.py", line 3174, in copy
    return await send_media(
  File "/usr/local/lib/python3.10/dist-packages/pyrogram/methods/messages/send_cached_media.py", line 101, in send_cached_media
    r = await self.invoke(
  File "/usr/local/lib/python3.10/dist-packages/pyrogram/methods/advanced/invoke.py", line 79, in invoke
    r = await self.session.invoke(
  File "/usr/local/lib/python3.10/dist-packages/pyrogram/session/session.py", line 389, in invoke
    return await self.send(query, timeout=timeout)
  File "/usr/local/lib/python3.10/dist-packages/pyrogram/session/session.py", line 357, in send
    RPCError.raise_it(result, type(data))
  File "/usr/local/lib/python3.10/dist-packages/pyrogram/errors/rpc_error.py", line 91, in raise_it
    raise getattr(
pyrogram.errors.exceptions.flood_420.FloodWait: Telegram says: [420 FLOOD_WAIT_X] - A wait of 44 seconds is required (caused by "messages.SendMedia")

During handling of the above exception, another exception occurred:

Traceback (most recent call last):
  File "/usr/local/lib/python3.10/dist-packages/pyrogram/dispatcher.py", line 240, in handler_worker
    await handler.callback(self.client, *args)
  File "/usr/local/lib/python3.10/dist-packages/pyromod/listen/listen.py", line 93, in resolve_listener
    await self.user_callback(client, message, *args)
  File "/home/ubuntu/public/Public-file-send-bot/plugins/channel_post.py", line 18, in channel_post
    await asyncio.sleep(e.x)
AttributeError: 'FloodWait' object has no attribute 'x'
[18-Jul-23 10:30:03 - ERROR] - pyrogram.dispatcher - 'FloodWait' object has no attribute 'x'
Traceback (most recent call last):
  File "/home/ubuntu/public/Public-file-send-bot/plugins/channel_post.py", line 16, in channel_post
    post_message = await message.copy(chat_id=client.db_channel.id, disable_notification=True)
  File "/usr/local/lib/python3.10/dist-packages/pyrogram/types/messages_and_media/message.py", line 3174, in copy
    return await send_media(
  File "/usr/local/lib/python3.10/dist-packages/pyrogram/methods/messages/send_cached_media.py", line 101, in send_cached_media
    r = await self.invoke(
  File "/usr/local/lib/python3.10/dist-packages/pyrogram/methods/advanced/invoke.py", line 79, in invoke
    r = await self.session.invoke(
  File "/usr/local/lib/python3.10/dist-packages/pyrogram/session/session.py", line 389, in invoke
    return await self.send(query, timeout=timeout)
  File "/usr/local/lib/python3.10/dist-packages/pyrogram/session/session.py", line 357, in send
    RPCError.raise_it(result, type(data))
  File "/usr/local/lib/python3.10/dist-packages/pyrogram/errors/rpc_error.py", line 91, in raise_it
    raise getattr(
pyrogram.errors.exceptions.flood_420.FloodWait: Telegram says: [420 FLOOD_WAIT_X] - A wait of 44 seconds is required (caused by "messages.SendMedia")

During handling of the above exception, another exception occurred:

Traceback (most recent call last):
  File "/usr/local/lib/python3.10/dist-packages/pyrogram/dispatcher.py", line 240, in handler_worker
    await handler.callback(self.client, *args)
  File "/usr/local/lib/python3.10/dist-packages/pyromod/listen/listen.py", line 93, in resolve_listener
    await self.user_callback(client, message, *args)
  File "/home/ubuntu/public/Public-file-send-bot/plugins/channel_post.py", line 18, in channel_post
    await asyncio.sleep(e.x)
AttributeError: 'FloodWait' object has no attribute 'x'
[18-Jul-23 10:30:03 - ERROR] - pyrogram.dispatcher - Telegram says: [420 FLOOD_WAIT_X] - A wait of 44 seconds is required (caused by "messages.EditMessage")
Traceback (most recent call last):
  File "/usr/local/lib/python3.10/dist-packages/pyrogram/dispatcher.py", line 240, in handler_worker
    await handler.callback(self.client, *args)
  File "/usr/local/lib/python3.10/dist-packages/pyromod/listen/listen.py", line 93, in resolve_listener
    await self.user_callback(client, message, *args)
  File "/home/ubuntu/public/Public-file-send-bot/plugins/channel_post.py", line 34, in channel_post
    await post_message.edit_reply_markup(reply_markup)
  File "/usr/local/lib/python3.10/dist-packages/pyrogram/types/messages_and_media/message.py", line 2939, in edit_reply_markup
    return await self._client.edit_message_reply_markup(
  File "/usr/local/lib/python3.10/dist-packages/pyrogram/methods/messages/edit_message_reply_markup.py", line 63, in edit_message_reply_markup
    r = await self.invoke(
  File "/usr/local/lib/python3.10/dist-packages/pyrogram/methods/advanced/invoke.py", line 79, in invoke
    r = await self.session.invoke(
  File "/usr/local/lib/python3.10/dist-packages/pyrogram/session/session.py", line 389, in invoke
    return await self.send(query, timeout=timeout)
  File "/usr/local/lib/python3.10/dist-packages/pyrogram/session/session.py", line 357, in send
    RPCError.raise_it(result, type(data))
  File "/usr/local/lib/python3.10/dist-packages/pyrogram/errors/rpc_error.py", line 91, in raise_it
    raise getattr(
pyrogram.errors.exceptions.flood_420.FloodWait: Telegram says: [420 FLOOD_WAIT_X] - A wait of 44 seconds is required (caused by "messages.EditMessage")
[18-Jul-23 10:30:03 - ERROR] - pyrogram.dispatcher - Telegram says: [420 FLOOD_WAIT_X] - A wait of 44 seconds is required (caused by "messages.EditMessage")
Traceback (most recent call last):
  File "/usr/local/lib/python3.10/dist-packages/pyrogram/dispatcher.py", line 240, in handler_worker
    await handler.callback(self.client, *args)
  File "/usr/local/lib/python3.10/dist-packages/pyromod/listen/listen.py", line 93, in resolve_listener
    await self.user_callback(client, message, *args)
  File "/home/ubuntu/public/Public-file-send-bot/plugins/channel_post.py", line 34, in channel_post
    await post_message.edit_reply_markup(reply_markup)
  File "/usr/local/lib/python3.10/dist-packages/pyrogram/types/messages_and_media/message.py", line 2939, in edit_reply_markup
    return await self._client.edit_message_reply_markup(
  File "/usr/local/lib/python3.10/dist-packages/pyrogram/methods/messages/edit_message_reply_markup.py", line 63, in edit_message_reply_markup
    r = await self.invoke(
  File "/usr/local/lib/python3.10/dist-packages/pyrogram/methods/advanced/invoke.py", line 79, in invoke
    r = await self.session.invoke(
  File "/usr/local/lib/python3.10/dist-packages/pyrogram/session/session.py", line 389, in invoke
    return await self.send(query, timeout=timeout)
  File "/usr/local/lib/python3.10/dist-packages/pyrogram/session/session.py", line 357, in send
    RPCError.raise_it(result, type(data))
  File "/usr/local/lib/python3.10/dist-packages/pyrogram/errors/rpc_error.py", line 91, in raise_it
    raise getattr(
pyrogram.errors.exceptions.flood_420.FloodWait: Telegram says: [420 FLOOD_WAIT_X] - A wait of 44 seconds is required (caused by "messages.EditMessage")
[18-Jul-23 10:30:04 - ERROR] - pyrogram.dispatcher - Telegram says: [420 FLOOD_WAIT_X] - A wait of 43 seconds is required (caused by "messages.EditMessage")
Traceback (most recent call last):
  File "/usr/local/lib/python3.10/dist-packages/pyrogram/dispatcher.py", line 240, in handler_worker
    await handler.callback(self.client, *args)
  File "/usr/local/lib/python3.10/dist-packages/pyromod/listen/listen.py", line 93, in resolve_listener
    await self.user_callback(client, message, *args)
  File "/home/ubuntu/public/Public-file-send-bot/plugins/channel_post.py", line 34, in channel_post
    await post_message.edit_reply_markup(reply_markup)
  File "/usr/local/lib/python3.10/dist-packages/pyrogram/types/messages_and_media/message.py", line 2939, in edit_reply_markup
    return await self._client.edit_message_reply_markup(
  File "/usr/local/lib/python3.10/dist-packages/pyrogram/methods/messages/edit_message_reply_markup.py", line 63, in edit_message_reply_markup
    r = await self.invoke(
  File "/usr/local/lib/python3.10/dist-packages/pyrogram/methods/advanced/invoke.py", line 79, in invoke
    r = await self.session.invoke(
  File "/usr/local/lib/python3.10/dist-packages/pyrogram/session/session.py", line 389, in invoke
    return await self.send(query, timeout=timeout)
  File "/usr/local/lib/python3.10/dist-packages/pyrogram/session/session.py", line 357, in send
    RPCError.raise_it(result, type(data))
  File "/usr/local/lib/python3.10/dist-packages/pyrogram/errors/rpc_error.py", line 91, in raise_it
    raise getattr(
pyrogram.errors.exceptions.flood_420.FloodWait: Telegram says: [420 FLOOD_WAIT_X] - A wait of 43 seconds is required (caused by "messages.EditMessage")
[18-Jul-23 10:30:04 - ERROR] - pyrogram.dispatcher - Telegram says: [420 FLOOD_WAIT_X] - A wait of 43 seconds is required (caused by "messages.EditMessage")
Traceback (most recent call last):
  File "/usr/local/lib/python3.10/dist-packages/pyrogram/dispatcher.py", line 240, in handler_worker
    await handler.callback(self.client, *args)
  File "/usr/local/lib/python3.10/dist-packages/pyromod/listen/listen.py", line 93, in resolve_listener
    await self.user_callback(client, message, *args)
  File "/home/ubuntu/public/Public-file-send-bot/plugins/channel_post.py", line 34, in channel_post
    await post_message.edit_reply_markup(reply_markup)
  File "/usr/local/lib/python3.10/dist-packages/pyrogram/types/messages_and_media/message.py", line 2939, in edit_reply_markup
    return await self._client.edit_message_reply_markup(
  File "/usr/local/lib/python3.10/dist-packages/pyrogram/methods/messages/edit_message_reply_markup.py", line 63, in edit_message_reply_markup
    r = await self.invoke(
  File "/usr/local/lib/python3.10/dist-packages/pyrogram/methods/advanced/invoke.py", line 79, in invoke
    r = await self.session.invoke(
  File "/usr/local/lib/python3.10/dist-packages/pyrogram/session/session.py", line 389, in invoke
    return await self.send(query, timeout=timeout)
  File "/usr/local/lib/python3.10/dist-packages/pyrogram/session/session.py", line 357, in send
    RPCError.raise_it(result, type(data))
  File "/usr/local/lib/python3.10/dist-packages/pyrogram/errors/rpc_error.py", line 91, in raise_it
    raise getattr(
pyrogram.errors.exceptions.flood_420.FloodWait: Telegram says: [420 FLOOD_WAIT_X] - A wait of 43 seconds is required (caused by "messages.EditMessage")
[18-Jul-23 10:30:04 - ERROR] - pyrogram.dispatcher - Telegram says: [420 FLOOD_WAIT_X] - A wait of 43 seconds is required (caused by "messages.EditMessage")
Traceback (most recent call last):
  File "/usr/local/lib/python3.10/dist-packages/pyrogram/dispatcher.py", line 240, in handler_worker
    await handler.callback(self.client, *args)
  File "/usr/local/lib/python3.10/dist-packages/pyromod/listen/listen.py", line 93, in resolve_listener
    await self.user_callback(client, message, *args)
  File "/home/ubuntu/public/Public-file-send-bot/plugins/channel_post.py", line 34, in channel_post
    await post_message.edit_reply_markup(reply_markup)
  File "/usr/local/lib/python3.10/dist-packages/pyrogram/types/messages_and_media/message.py", line 2939, in edit_reply_markup
    return await self._client.edit_message_reply_markup(
  File "/usr/local/lib/python3.10/dist-packages/pyrogram/methods/messages/edit_message_reply_markup.py", line 63, in edit_message_reply_markup
    r = await self.invoke(
  File "/usr/local/lib/python3.10/dist-packages/pyrogram/methods/advanced/invoke.py", line 79, in invoke
    r = await self.session.invoke(
  File "/usr/local/lib/python3.10/dist-packages/pyrogram/session/session.py", line 389, in invoke
    return await self.send(query, timeout=timeout)
  File "/usr/local/lib/python3.10/dist-packages/pyrogram/session/session.py", line 357, in send
    RPCError.raise_it(result, type(data))
  File "/usr/local/lib/python3.10/dist-packages/pyrogram/errors/rpc_error.py", line 91, in raise_it
    raise getattr(
pyrogram.errors.exceptions.flood_420.FloodWait: Telegram says: [420 FLOOD_WAIT_X] - A wait of 43 seconds is required (caused by "messages.EditMessage")
[18-Jul-23 10:30:04 - ERROR] - pyrogram.dispatcher - Telegram says: [420 FLOOD_WAIT_X] - A wait of 43 seconds is required (caused by "messages.EditMessage")
Traceback (most recent call last):
  File "/usr/local/lib/python3.10/dist-packages/pyrogram/dispatcher.py", line 240, in handler_worker
    await handler.callback(self.client, *args)
  File "/usr/local/lib/python3.10/dist-packages/pyromod/listen/listen.py", line 93, in resolve_listener
    await self.user_callback(client, message, *args)
  File "/home/ubuntu/public/Public-file-send-bot/plugins/channel_post.py", line 34, in channel_post
    await post_message.edit_reply_markup(reply_markup)
  File "/usr/local/lib/python3.10/dist-packages/pyrogram/types/messages_and_media/message.py", line 2939, in edit_reply_markup
    return await self._client.edit_message_reply_markup(
  File "/usr/local/lib/python3.10/dist-packages/pyrogram/methods/messages/edit_message_reply_markup.py", line 63, in edit_message_reply_markup
    r = await self.invoke(
  File "/usr/local/lib/python3.10/dist-packages/pyrogram/methods/advanced/invoke.py", line 79, in invoke
    r = await self.session.invoke(
  File "/usr/local/lib/python3.10/dist-packages/pyrogram/session/session.py", line 389, in invoke
    return await self.send(query, timeout=timeout)
  File "/usr/local/lib/python3.10/dist-packages/pyrogram/session/session.py", line 357, in send
    RPCError.raise_it(result, type(data))
  File "/usr/local/lib/python3.10/dist-packages/pyrogram/errors/rpc_error.py", line 91, in raise_it
    raise getattr(
pyrogram.errors.exceptions.flood_420.FloodWait: Telegram says: [420 FLOOD_WAIT_X] - A wait of 43 seconds is required (caused by "messages.EditMessage")
[18-Jul-23 10:30:04 - ERROR] - pyrogram.dispatcher - Telegram says: [420 FLOOD_WAIT_X] - A wait of 43 seconds is required (caused by "messages.EditMessage")
Traceback (most recent call last):
  File "/usr/local/lib/python3.10/dist-packages/pyrogram/dispatcher.py", line 240, in handler_worker
    await handler.callback(self.client, *args)
  File "/usr/local/lib/python3.10/dist-packages/pyromod/listen/listen.py", line 93, in resolve_listener
    await self.user_callback(client, message, *args)
  File "/home/ubuntu/public/Public-file-send-bot/plugins/channel_post.py", line 34, in channel_post
    await post_message.edit_reply_markup(reply_markup)
  File "/usr/local/lib/python3.10/dist-packages/pyrogram/types/messages_and_media/message.py", line 2939, in edit_reply_markup
    return await self._client.edit_message_reply_markup(
  File "/usr/local/lib/python3.10/dist-packages/pyrogram/methods/messages/edit_message_reply_markup.py", line 63, in edit_message_reply_markup
    r = await self.invoke(
  File "/usr/local/lib/python3.10/dist-packages/pyrogram/methods/advanced/invoke.py", line 79, in invoke
    r = await self.session.invoke(
  File "/usr/local/lib/python3.10/dist-packages/pyrogram/session/session.py", line 389, in invoke
    return await self.send(query, timeout=timeout)
  File "/usr/local/lib/python3.10/dist-packages/pyrogram/session/session.py", line 357, in send
    RPCError.raise_it(result, type(data))
  File "/usr/local/lib/python3.10/dist-packages/pyrogram/errors/rpc_error.py", line 91, in raise_it
    raise getattr(
pyrogram.errors.exceptions.flood_420.FloodWait: Telegram says: [420 FLOOD_WAIT_X] - A wait of 43 seconds is required (caused by "messages.EditMessage")
[18-Jul-23 10:30:04 - ERROR] - pyrogram.dispatcher - Telegram says: [420 FLOOD_WAIT_X] - A wait of 43 seconds is required (caused by "messages.EditMessage")
Traceback (most recent call last):
  File "/usr/local/lib/python3.10/dist-packages/pyrogram/dispatcher.py", line 240, in handler_worker
    await handler.callback(self.client, *args)
  File "/usr/local/lib/python3.10/dist-packages/pyromod/listen/listen.py", line 93, in resolve_listener
    await self.user_callback(client, message, *args)
  File "/home/ubuntu/public/Public-file-send-bot/plugins/channel_post.py", line 34, in channel_post
    await post_message.edit_reply_markup(reply_markup)
  File "/usr/local/lib/python3.10/dist-packages/pyrogram/types/messages_and_media/message.py", line 2939, in edit_reply_markup
    return await self._client.edit_message_reply_markup(
  File "/usr/local/lib/python3.10/dist-packages/pyrogram/methods/messages/edit_message_reply_markup.py", line 63, in edit_message_reply_markup
    r = await self.invoke(
  File "/usr/local/lib/python3.10/dist-packages/pyrogram/methods/advanced/invoke.py", line 79, in invoke
    r = await self.session.invoke(
  File "/usr/local/lib/python3.10/dist-packages/pyrogram/session/session.py", line 389, in invoke
    return await self.send(query, timeout=timeout)
  File "/usr/local/lib/python3.10/dist-packages/pyrogram/session/session.py", line 357, in send
    RPCError.raise_it(result, type(data))
  File "/usr/local/lib/python3.10/dist-packages/pyrogram/errors/rpc_error.py", line 91, in raise_it
    raise getattr(
pyrogram.errors.exceptions.flood_420.FloodWait: Telegram says: [420 FLOOD_WAIT_X] - A wait of 43 seconds is required (caused by "messages.EditMessage")
[18-Jul-23 10:30:04 - ERROR] - pyrogram.dispatcher - Telegram says: [420 FLOOD_WAIT_X] - A wait of 43 seconds is required (caused by "messages.EditMessage")
Traceback (most recent call last):
  File "/usr/local/lib/python3.10/dist-packages/pyrogram/dispatcher.py", line 240, in handler_worker
    await handler.callback(self.client, *args)
  File "/usr/local/lib/python3.10/dist-packages/pyromod/listen/listen.py", line 93, in resolve_listener
    await self.user_callback(client, message, *args)
  File "/home/ubuntu/public/Public-file-send-bot/plugins/channel_post.py", line 34, in channel_post
    await post_message.edit_reply_markup(reply_markup)
  File "/usr/local/lib/python3.10/dist-packages/pyrogram/types/messages_and_media/message.py", line 2939, in edit_reply_markup
    return await self._client.edit_message_reply_markup(
  File "/usr/local/lib/python3.10/dist-packages/pyrogram/methods/messages/edit_message_reply_markup.py", line 63, in edit_message_reply_markup
    r = await self.invoke(
  File "/usr/local/lib/python3.10/dist-packages/pyrogram/methods/advanced/invoke.py", line 79, in invoke
    r = await self.session.invoke(
  File "/usr/local/lib/python3.10/dist-packages/pyrogram/session/session.py", line 389, in invoke
    return await self.send(query, timeout=timeout)
  File "/usr/local/lib/python3.10/dist-packages/pyrogram/session/session.py", line 357, in send
    RPCError.raise_it(result, type(data))
  File "/usr/local/lib/python3.10/dist-packages/pyrogram/errors/rpc_error.py", line 91, in raise_it
    raise getattr(
pyrogram.errors.exceptions.flood_420.FloodWait: Telegram says: [420 FLOOD_WAIT_X] - A wait of 43 seconds is required (caused by "messages.EditMessage")
[18-Jul-23 10:30:04 - ERROR] - pyrogram.dispatcher - Telegram says: [420 FLOOD_WAIT_X] - A wait of 43 seconds is required (caused by "messages.EditMessage")
Traceback (most recent call last):
  File "/usr/local/lib/python3.10/dist-packages/pyrogram/dispatcher.py", line 240, in handler_worker
    await handler.callback(self.client, *args)
  File "/usr/local/lib/python3.10/dist-packages/pyromod/listen/listen.py", line 93, in resolve_listener
    await self.user_callback(client, message, *args)
  File "/home/ubuntu/public/Public-file-send-bot/plugins/channel_post.py", line 34, in channel_post
    await post_message.edit_reply_markup(reply_markup)
  File "/usr/local/lib/python3.10/dist-packages/pyrogram/types/messages_and_media/message.py", line 2939, in edit_reply_markup
    return await self._client.edit_message_reply_markup(
  File "/usr/local/lib/python3.10/dist-packages/pyrogram/methods/messages/edit_message_reply_markup.py", line 63, in edit_message_reply_markup
    r = await self.invoke(
  File "/usr/local/lib/python3.10/dist-packages/pyrogram/methods/advanced/invoke.py", line 79, in invoke
    r = await self.session.invoke(
  File "/usr/local/lib/python3.10/dist-packages/pyrogram/session/session.py", line 389, in invoke
    return await self.send(query, timeout=timeout)
  File "/usr/local/lib/python3.10/dist-packages/pyrogram/session/session.py", line 357, in send
    RPCError.raise_it(result, type(data))
  File "/usr/local/lib/python3.10/dist-packages/pyrogram/errors/rpc_error.py", line 91, in raise_it
    raise getattr(
pyrogram.errors.exceptions.flood_420.FloodWait: Telegram says: [420 FLOOD_WAIT_X] - A wait of 43 seconds is required (caused by "messages.EditMessage")
[18-Jul-23 10:30:05 - ERROR] - pyrogram.dispatcher - 'FloodWait' object has no attribute 'x'
Traceback (most recent call last):
  File "/home/ubuntu/public/Public-file-send-bot/plugins/channel_post.py", line 16, in channel_post
    post_message = await message.copy(chat_id=client.db_channel.id, disable_notification=True)
  File "/usr/local/lib/python3.10/dist-packages/pyrogram/types/messages_and_media/message.py", line 3174, in copy
    return await send_media(
  File "/usr/local/lib/python3.10/dist-packages/pyrogram/methods/messages/send_cached_media.py", line 101, in send_cached_media
    r = await self.invoke(
  File "/usr/local/lib/python3.10/dist-packages/pyrogram/methods/advanced/invoke.py", line 79, in invoke
    r = await self.session.invoke(
  File "/usr/local/lib/python3.10/dist-packages/pyrogram/session/session.py", line 389, in invoke
    return await self.send(query, timeout=timeout)
  File "/usr/local/lib/python3.10/dist-packages/pyrogram/session/session.py", line 357, in send
    RPCError.raise_it(result, type(data))
  File "/usr/local/lib/python3.10/dist-packages/pyrogram/errors/rpc_error.py", line 91, in raise_it
    raise getattr(
pyrogram.errors.exceptions.flood_420.FloodWait: Telegram says: [420 FLOOD_WAIT_X] - A wait of 42 seconds is required (caused by "messages.SendMedia")

During handling of the above exception, another exception occurred:

Traceback (most recent call last):
  File "/usr/local/lib/python3.10/dist-packages/pyrogram/dispatcher.py", line 240, in handler_worker
    await handler.callback(self.client, *args)
  File "/usr/local/lib/python3.10/dist-packages/pyromod/listen/listen.py", line 93, in resolve_listener
    await self.user_callback(client, message, *args)
  File "/home/ubuntu/public/Public-file-send-bot/plugins/channel_post.py", line 18, in channel_post
    await asyncio.sleep(e.x)
AttributeError: 'FloodWait' object has no attribute 'x'
[18-Jul-23 10:30:05 - ERROR] - pyrogram.dispatcher - 'FloodWait' object has no attribute 'x'
Traceback (most recent call last):
  File "/home/ubuntu/public/Public-file-send-bot/plugins/channel_post.py", line 16, in channel_post
    post_message = await message.copy(chat_id=client.db_channel.id, disable_notification=True)
  File "/usr/local/lib/python3.10/dist-packages/pyrogram/types/messages_and_media/message.py", line 3174, in copy
    return await send_media(
  File "/usr/local/lib/python3.10/dist-packages/pyrogram/methods/messages/send_cached_media.py", line 101, in send_cached_media
    r = await self.invoke(
  File "/usr/local/lib/python3.10/dist-packages/pyrogram/methods/advanced/invoke.py", line 79, in invoke
    r = await self.session.invoke(
  File "/usr/local/lib/python3.10/dist-packages/pyrogram/session/session.py", line 389, in invoke
    return await self.send(query, timeout=timeout)
  File "/usr/local/lib/python3.10/dist-packages/pyrogram/session/session.py", line 357, in send
    RPCError.raise_it(result, type(data))
  File "/usr/local/lib/python3.10/dist-packages/pyrogram/errors/rpc_error.py", line 91, in raise_it
    raise getattr(
pyrogram.errors.exceptions.flood_420.FloodWait: Telegram says: [420 FLOOD_WAIT_X] - A wait of 42 seconds is required (caused by "messages.SendMedia")

During handling of the above exception, another exception occurred:

Traceback (most recent call last):
  File "/usr/local/lib/python3.10/dist-packages/pyrogram/dispatcher.py", line 240, in handler_worker
    await handler.callback(self.client, *args)
  File "/usr/local/lib/python3.10/dist-packages/pyromod/listen/listen.py", line 93, in resolve_listener
    await self.user_callback(client, message, *args)
  File "/home/ubuntu/public/Public-file-send-bot/plugins/channel_post.py", line 18, in channel_post
    await asyncio.sleep(e.x)
AttributeError: 'FloodWait' object has no attribute 'x'
[18-Jul-23 10:30:05 - ERROR] - pyrogram.dispatcher - 'FloodWait' object has no attribute 'x'
Traceback (most recent call last):
  File "/home/ubuntu/public/Public-file-send-bot/plugins/channel_post.py", line 16, in channel_post
    post_message = await message.copy(chat_id=client.db_channel.id, disable_notification=True)
  File "/usr/local/lib/python3.10/dist-packages/pyrogram/types/messages_and_media/message.py", line 3174, in copy
    return await send_media(
  File "/usr/local/lib/python3.10/dist-packages/pyrogram/methods/messages/send_cached_media.py", line 101, in send_cached_media
    r = await self.invoke(
  File "/usr/local/lib/python3.10/dist-packages/pyrogram/methods/advanced/invoke.py", line 79, in invoke
    r = await self.session.invoke(
  File "/usr/local/lib/python3.10/dist-packages/pyrogram/session/session.py", line 389, in invoke
    return await self.send(query, timeout=timeout)
  File "/usr/local/lib/python3.10/dist-packages/pyrogram/session/session.py", line 357, in send
    RPCError.raise_it(result, type(data))
  File "/usr/local/lib/python3.10/dist-packages/pyrogram/errors/rpc_error.py", line 91, in raise_it
    raise getattr(
pyrogram.errors.exceptions.flood_420.FloodWait: Telegram says: [420 FLOOD_WAIT_X] - A wait of 42 seconds is required (caused by "messages.SendMedia")

During handling of the above exception, another exception occurred:

Traceback (most recent call last):
  File "/usr/local/lib/python3.10/dist-packages/pyrogram/dispatcher.py", line 240, in handler_worker
    await handler.callback(self.client, *args)
  File "/usr/local/lib/python3.10/dist-packages/pyromod/listen/listen.py", line 93, in resolve_listener
    await self.user_callback(client, message, *args)
  File "/home/ubuntu/public/Public-file-send-bot/plugins/channel_post.py", line 18, in channel_post
    await asyncio.sleep(e.x)
AttributeError: 'FloodWait' object has no attribute 'x'
[18-Jul-23 10:30:05 - ERROR] - pyrogram.dispatcher - 'FloodWait' object has no attribute 'x'
Traceback (most recent call last):
  File "/home/ubuntu/public/Public-file-send-bot/plugins/channel_post.py", line 16, in channel_post
    post_message = await message.copy(chat_id=client.db_channel.id, disable_notification=True)
  File "/usr/local/lib/python3.10/dist-packages/pyrogram/types/messages_and_media/message.py", line 3174, in copy
    return await send_media(
  File "/usr/local/lib/python3.10/dist-packages/pyrogram/methods/messages/send_cached_media.py", line 101, in send_cached_media
    r = await self.invoke(
  File "/usr/local/lib/python3.10/dist-packages/pyrogram/methods/advanced/invoke.py", line 79, in invoke
    r = await self.session.invoke(
  File "/usr/local/lib/python3.10/dist-packages/pyrogram/session/session.py", line 389, in invoke
    return await self.send(query, timeout=timeout)
  File "/usr/local/lib/python3.10/dist-packages/pyrogram/session/session.py", line 357, in send
    RPCError.raise_it(result, type(data))
  File "/usr/local/lib/python3.10/dist-packages/pyrogram/errors/rpc_error.py", line 91, in raise_it
    raise getattr(
pyrogram.errors.exceptions.flood_420.FloodWait: Telegram says: [420 FLOOD_WAIT_X] - A wait of 42 seconds is required (caused by "messages.SendMedia")

During handling of the above exception, another exception occurred:

Traceback (most recent call last):
  File "/usr/local/lib/python3.10/dist-packages/pyrogram/dispatcher.py", line 240, in handler_worker
    await handler.callback(self.client, *args)
  File "/usr/local/lib/python3.10/dist-packages/pyromod/listen/listen.py", line 93, in resolve_listener
    await self.user_callback(client, message, *args)
  File "/home/ubuntu/public/Public-file-send-bot/plugins/channel_post.py", line 18, in channel_post
    await asyncio.sleep(e.x)
AttributeError: 'FloodWait' object has no attribute 'x'
[18-Jul-23 10:30:05 - ERROR] - pyrogram.dispatcher - 'FloodWait' object has no attribute 'x'
Traceback (most recent call last):
  File "/home/ubuntu/public/Public-file-send-bot/plugins/channel_post.py", line 16, in channel_post
    post_message = await message.copy(chat_id=client.db_channel.id, disable_notification=True)
  File "/usr/local/lib/python3.10/dist-packages/pyrogram/types/messages_and_media/message.py", line 3174, in copy
    return await send_media(
  File "/usr/local/lib/python3.10/dist-packages/pyrogram/methods/messages/send_cached_media.py", line 101, in send_cached_media
    r = await self.invoke(
  File "/usr/local/lib/python3.10/dist-packages/pyrogram/methods/advanced/invoke.py", line 79, in invoke
    r = await self.session.invoke(
  File "/usr/local/lib/python3.10/dist-packages/pyrogram/session/session.py", line 389, in invoke
    return await self.send(query, timeout=timeout)
  File "/usr/local/lib/python3.10/dist-packages/pyrogram/session/session.py", line 357, in send
    RPCError.raise_it(result, type(data))
  File "/usr/local/lib/python3.10/dist-packages/pyrogram/errors/rpc_error.py", line 91, in raise_it
    raise getattr(
pyrogram.errors.exceptions.flood_420.FloodWait: Telegram says: [420 FLOOD_WAIT_X] - A wait of 42 seconds is required (caused by "messages.SendMedia")

During handling of the above exception, another exception occurred:

Traceback (most recent call last):
  File "/usr/local/lib/python3.10/dist-packages/pyrogram/dispatcher.py", line 240, in handler_worker
    await handler.callback(self.client, *args)
  File "/usr/local/lib/python3.10/dist-packages/pyromod/listen/listen.py", line 93, in resolve_listener
    await self.user_callback(client, message, *args)
  File "/home/ubuntu/public/Public-file-send-bot/plugins/channel_post.py", line 18, in channel_post
    await asyncio.sleep(e.x)
AttributeError: 'FloodWait' object has no attribute 'x'
[18-Jul-23 10:30:08 - ERROR] - pyrogram.dispatcher - 'FloodWait' object has no attribute 'x'
Traceback (most recent call last):
  File "/home/ubuntu/public/Public-file-send-bot/plugins/channel_post.py", line 16, in channel_post
    post_message = await message.copy(chat_id=client.db_channel.id, disable_notification=True)
  File "/usr/local/lib/python3.10/dist-packages/pyrogram/types/messages_and_media/message.py", line 3174, in copy
    return await send_media(
  File "/usr/local/lib/python3.10/dist-packages/pyrogram/methods/messages/send_cached_media.py", line 101, in send_cached_media
    r = await self.invoke(
  File "/usr/local/lib/python3.10/dist-packages/pyrogram/methods/advanced/invoke.py", line 79, in invoke
    r = await self.session.invoke(
  File "/usr/local/lib/python3.10/dist-packages/pyrogram/session/session.py", line 389, in invoke
    return await self.send(query, timeout=timeout)
  File "/usr/local/lib/python3.10/dist-packages/pyrogram/session/session.py", line 357, in send
    RPCError.raise_it(result, type(data))
  File "/usr/local/lib/python3.10/dist-packages/pyrogram/errors/rpc_error.py", line 91, in raise_it
    raise getattr(
pyrogram.errors.exceptions.flood_420.FloodWait: Telegram says: [420 FLOOD_WAIT_X] - A wait of 39 seconds is required (caused by "messages.SendMedia")

During handling of the above exception, another exception occurred:

Traceback (most recent call last):
  File "/usr/local/lib/python3.10/dist-packages/pyrogram/dispatcher.py", line 240, in handler_worker
    await handler.callback(self.client, *args)
  File "/usr/local/lib/python3.10/dist-packages/pyromod/listen/listen.py", line 93, in resolve_listener
    await self.user_callback(client, message, *args)
  File "/home/ubuntu/public/Public-file-send-bot/plugins/channel_post.py", line 18, in channel_post
    await asyncio.sleep(e.x)
AttributeError: 'FloodWait' object has no attribute 'x'
[18-Jul-23 10:45:14 - INFO] - aiohttp.access - 34.78.6.216 [18/Jul/2023:10:45:14 +0000] "GET / HTTP/1.1" 200 169 "-" "python-requests/2.31.0"
[18-Jul-23 10:52:31 - INFO] - root - Stop signal received (SIGTERM). Exiting...
[18-Jul-23 10:52:33 - INFO] - bot - Bot stopped.
[18-Jul-23 10:52:56 - INFO] - bot - Bot Running..!

Created by 
https://t.me/CodeXBotz
[18-Jul-23 10:52:56 - INFO] - bot -  

       
░█████╗░░█████╗░██████╗░███████╗██╗░░██╗██████╗░░█████╗░████████╗███████╗
██╔══██╗██╔══██╗██╔══██╗██╔════╝╚██╗██╔╝██╔══██╗██╔══██╗╚══██╔══╝╚════██║
██║░░╚═╝██║░░██║██║░░██║█████╗░░░╚███╔╝░██████╦╝██║░░██║░░░██║░░░░░███╔═╝
██║░░██╗██║░░██║██║░░██║██╔══╝░░░██╔██╗░██╔══██╗██║░░██║░░░██║░░░██╔══╝░░
╚█████╔╝╚█████╔╝██████╔╝███████╗██╔╝╚██╗██████╦╝╚█████╔╝░░░██║░░░███████╗
░╚════╝░░╚════╝░╚═════╝░╚══════╝╚═╝░░╚═╝╚═════╝░░╚════╝░░░░╚═╝░░░╚══════╝
                                          
[18-Jul-23 11:12:49 - WARNING] - pyrogram.session.session - [Bot] Waiting for 4 seconds before continuing (required by "messages.EditMessage")
[18-Jul-23 11:12:49 - WARNING] - pyrogram.session.session - [Bot] Waiting for 4 seconds before continuing (required by "messages.EditMessage")
[18-Jul-23 11:12:49 - WARNING] - pyrogram.session.session - [Bot] Waiting for 4 seconds before continuing (required by "messages.SendMedia")
[18-Jul-23 11:12:49 - WARNING] - pyrogram.session.session - [Bot] Waiting for 4 seconds before continuing (required by "messages.SendMedia")
[18-Jul-23 11:12:49 - WARNING] - pyrogram.session.session - [Bot] Waiting for 4 seconds before continuing (required by "messages.EditMessage")
[18-Jul-23 11:12:54 - WARNING] - pyrogram.session.session - [Bot] Waiting for 4 seconds before continuing (required by "messages.EditMessage")
[18-Jul-23 11:12:54 - WARNING] - pyrogram.session.session - [Bot] Waiting for 4 seconds before continuing (required by "messages.EditMessage")
[18-Jul-23 11:12:57 - WARNING] - pyrogram.session.session - [Bot] Waiting for 3 seconds before continuing (required by "messages.SendMedia")
[18-Jul-23 11:12:57 - WARNING] - pyrogram.session.session - [Bot] Waiting for 3 seconds before continuing (required by "messages.SendMedia")
[18-Jul-23 11:12:57 - WARNING] - pyrogram.session.session - [Bot] Waiting for 3 seconds before continuing (required by "messages.SendMedia")
[18-Jul-23 11:13:01 - WARNING] - pyrogram.session.session - [Bot] Waiting for 3 seconds before continuing (required by "messages.EditMessage")
[18-Jul-23 11:13:01 - WARNING] - pyrogram.session.session - [Bot] Waiting for 3 seconds before continuing (required by "messages.EditMessage")
[18-Jul-23 11:13:01 - WARNING] - pyrogram.session.session - [Bot] Waiting for 3 seconds before continuing (required by "messages.EditMessage")
[18-Jul-23 11:13:22 - INFO] - aiohttp.access - 43.155.118.219 [18/Jul/2023:11:13:22 +0000] "HEAD /Core/Skin/Login.aspx HTTP/1.1" 404 159 "-" "Mozilla/5.0 (Windows NT 10.0; Win64; x64) AppleWebKit/537.36 (KHTML, like Gecko) Chrome/106.0.0.0 Safari/537.36"
[18-Jul-23 11:13:23 - WARNING] - pyrogram.session.session - [Bot] Waiting for 3 seconds before continuing (required by "messages.SendMedia")
[18-Jul-23 11:13:32 - WARNING] - pyrogram.session.session - [Bot] Waiting for 4 seconds before continuing (required by "messages.EditMessage")
[18-Jul-23 11:13:32 - WARNING] - pyrogram.session.session - [Bot] Waiting for 4 seconds before continuing (required by "messages.EditMessage")
[18-Jul-23 11:13:32 - WARNING] - pyrogram.session.session - [Bot] Waiting for 4 seconds before continuing (required by "messages.SendMedia")
[18-Jul-23 11:13:32 - WARNING] - pyrogram.session.session - [Bot] Waiting for 4 seconds before continuing (required by "messages.EditMessage")
[18-Jul-23 11:13:32 - WARNING] - pyrogram.session.session - [Bot] Waiting for 4 seconds before continuing (required by "messages.SendMedia")
[18-Jul-23 11:13:32 - WARNING] - pyrogram.session.session - [Bot] Waiting for 4 seconds before continuing (required by "messages.EditMessage")
[18-Jul-23 11:13:33 - WARNING] - pyrogram.session.session - [Bot] Waiting for 3 seconds before continuing (required by "messages.EditMessage")
[18-Jul-23 11:13:33 - ERROR] - pyrogram.dispatcher - Telegram says: [400 MESSAGE_NOT_MODIFIED] - The message was not modified because you tried to edit it using the same content (caused by "messages.EditMessage")
Traceback (most recent call last):
  File "/usr/local/lib/python3.10/dist-packages/pyrogram/dispatcher.py", line 240, in handler_worker
    await handler.callback(self.client, *args)
  File "/home/ubuntu/public/Public-file-send-bot/plugins/cbb.py", line 12, in cb_handler
    await query.message.edit_text(
  File "/usr/local/lib/python3.10/dist-packages/pyrogram/types/messages_and_media/message.py", line 2803, in edit_text
    return await self._client.edit_message_text(
  File "/usr/local/lib/python3.10/dist-packages/pyrogram/methods/messages/edit_message_text.py", line 82, in edit_message_text
    r = await self.invoke(
  File "/usr/local/lib/python3.10/dist-packages/pyrogram/methods/advanced/invoke.py", line 79, in invoke
    r = await self.session.invoke(
  File "/usr/local/lib/python3.10/dist-packages/pyrogram/session/session.py", line 389, in invoke
    return await self.send(query, timeout=timeout)
  File "/usr/local/lib/python3.10/dist-packages/pyrogram/session/session.py", line 357, in send
    RPCError.raise_it(result, type(data))
  File "/usr/local/lib/python3.10/dist-packages/pyrogram/errors/rpc_error.py", line 91, in raise_it
    raise getattr(
pyrogram.errors.exceptions.bad_request_400.MessageNotModified: Telegram says: [400 MESSAGE_NOT_MODIFIED] - The message was not modified because you tried to edit it using the same content (caused by "messages.EditMessage")
[18-Jul-23 11:13:36 - WARNING] - pyrogram.session.session - [Bot] Waiting for 3 seconds before continuing (required by "messages.EditMessage")
[18-Jul-23 11:13:37 - WARNING] - pyrogram.session.session - [Bot] Waiting for 4 seconds before continuing (required by "messages.EditMessage")
[18-Jul-23 11:13:37 - WARNING] - pyrogram.session.session - [Bot] Waiting for 4 seconds before continuing (required by "messages.EditMessage")
[18-Jul-23 11:13:37 - WARNING] - pyrogram.session.session - [Bot] Waiting for 4 seconds before continuing (required by "messages.EditMessage")
[18-Jul-23 11:13:39 - WARNING] - pyrogram.session.session - [Bot] Waiting for 3 seconds before continuing (required by "messages.EditMessage")
[18-Jul-23 11:13:41 - WARNING] - pyrogram.session.session - [Bot] Waiting for 3 seconds before continuing (required by "messages.EditMessage")
[18-Jul-23 11:13:46 - WARNING] - pyrogram.session.session - [Bot] Waiting for 3 seconds before continuing (required by "messages.EditMessage")
[18-Jul-23 11:26:09 - INFO] - root - Stop signal received (SIGTERM). Exiting...
[18-Jul-23 11:26:11 - INFO] - bot - Bot stopped.
[18-Jul-23 11:26:27 - INFO] - bot - Bot Running..!

Created by 
https://t.me/CodeXBotz
[18-Jul-23 11:26:27 - INFO] - bot -  

       
░█████╗░░█████╗░██████╗░███████╗██╗░░██╗██████╗░░█████╗░████████╗███████╗
██╔══██╗██╔══██╗██╔══██╗██╔════╝╚██╗██╔╝██╔══██╗██╔══██╗╚══██╔══╝╚════██║
██║░░╚═╝██║░░██║██║░░██║█████╗░░░╚███╔╝░██████╦╝██║░░██║░░░██║░░░░░███╔═╝
██║░░██╗██║░░██║██║░░██║██╔══╝░░░██╔██╗░██╔══██╗██║░░██║░░░██║░░░██╔══╝░░
╚█████╔╝╚█████╔╝██████╔╝███████╗██╔╝╚██╗██████╦╝╚█████╔╝░░░██║░░░███████╗
░╚════╝░░╚════╝░╚═════╝░╚══════╝╚═╝░░╚═╝╚═════╝░░╚════╝░░░░╚═╝░░░╚══════╝
                                          
[18-Jul-23 11:32:40 - INFO] - aiohttp.access - 185.254.196.186 [18/Jul/2023:11:32:40 +0000] "GET /.env HTTP/1.1" 404 173 "-" "Mozilla/5.0 (X11; Linux x86_64) AppleWebKit/537.36 (KHTML, like Gecko) Chrome/81.0.4044.129 Safari/537.36"
[18-Jul-23 11:32:41 - INFO] - aiohttp.access - 185.254.196.186 [18/Jul/2023:11:32:41 +0000] "POST / HTTP/1.1" 405 208 "-" "Mozilla/5.0 (X11; Linux x86_64) AppleWebKit/537.36 (KHTML, like Gecko) Chrome/81.0.4044.129 Safari/537.36"
[18-Jul-23 11:46:02 - ERROR] - aiohttp.server - Error handling request
Traceback (most recent call last):
  File "/usr/local/lib/python3.10/dist-packages/aiohttp/web_protocol.py", line 332, in data_received
    messages, upgraded, tail = self._request_parser.feed_data(data)
  File "aiohttp/_http_parser.pyx", line 551, in aiohttp._http_parser.HttpParser.feed_data
aiohttp.http_exceptions.BadStatusLine: 400, message="Bad status line 'Invalid method encountered'"
[18-Jul-23 11:46:02 - INFO] - aiohttp.access - 64.227.170.45 [18/Jul/2023:11:46:02 +0000] "UNKNOWN / HTTP/1.0" 400 205 "-" "-"
[18-Jul-23 11:46:02 - ERROR] - aiohttp.server - Error handling request
Traceback (most recent call last):
  File "/usr/local/lib/python3.10/dist-packages/aiohttp/web_protocol.py", line 332, in data_received
    messages, upgraded, tail = self._request_parser.feed_data(data)
  File "aiohttp/_http_parser.pyx", line 551, in aiohttp._http_parser.HttpParser.feed_data
aiohttp.http_exceptions.BadStatusLine: 400, message="Bad status line 'Invalid method encountered'"
[18-Jul-23 11:46:02 - INFO] - aiohttp.access - 64.227.170.45 [18/Jul/2023:11:46:02 +0000] "UNKNOWN / HTTP/1.0" 400 205 "-" "-"
[18-Jul-23 11:57:23 - WARNING] - pyrogram.session.session - [Bot] Waiting for 4 seconds before continuing (required by "messages.EditMessage")
[18-Jul-23 11:57:23 - WARNING] - pyrogram.session.session - [Bot] Waiting for 4 seconds before continuing (required by "messages.EditMessage")
[18-Jul-23 11:57:23 - WARNING] - pyrogram.session.session - [Bot] Waiting for 4 seconds before continuing (required by "messages.EditMessage")
[18-Jul-23 12:41:29 - INFO] - aiohttp.access - 139.162.84.205 [18/Jul/2023:12:41:29 +0000] "GET / HTTP/1.0" 200 169 "-" "Mozilla/5.0 (X11; Linux x86_64) AppleWebKit/537.36 (KHTML, like Gecko) Chrome/109.0.0.0 Safari/537.36"
[18-Jul-23 12:48:29 - INFO] - aiohttp.access - 43.155.118.219 [18/Jul/2023:12:48:29 +0000] "HEAD /Core/Skin/Login.aspx HTTP/1.1" 404 159 "-" "Mozilla/5.0 (Windows NT 10.0; Win64; x64) AppleWebKit/537.36 (KHTML, like Gecko) Chrome/106.0.0.0 Safari/537.36"
[18-Jul-23 13:26:35 - INFO] - aiohttp.access - 51.89.158.69 [18/Jul/2023:13:26:35 +0000] "GET /.env HTTP/1.1" 404 173 "-" "Mozilla/5.0 (X11; Linux x86_64) AppleWebKit/537.36 (KHTML, like Gecko) Chrome/81.0.4044.129 Safari/537.36"
[18-Jul-23 13:26:36 - INFO] - aiohttp.access - 51.89.158.69 [18/Jul/2023:13:26:36 +0000] "POST / HTTP/1.1" 405 208 "-" "Mozilla/5.0 (X11; Linux x86_64) AppleWebKit/537.36 (KHTML, like Gecko) Chrome/81.0.4044.129 Safari/537.36"
[18-Jul-23 13:26:36 - INFO] - aiohttp.access - 51.89.158.69 [18/Jul/2023:13:26:36 +0000] "GET /sendgrid/.env HTTP/1.1" 404 173 "-" "Mozilla/5.0 (X11; Linux x86_64) AppleWebKit/537.36 (KHTML, like Gecko) Chrome/81.0.4044.129 Safari/537.36"
[18-Jul-23 13:26:36 - INFO] - aiohttp.access - 51.89.158.69 [18/Jul/2023:13:26:36 +0000] "POST / HTTP/1.1" 405 208 "-" "Mozilla/5.0 (X11; Linux x86_64) AppleWebKit/537.36 (KHTML, like Gecko) Chrome/81.0.4044.129 Safari/537.36"
[18-Jul-23 14:08:40 - INFO] - aiohttp.access - 44.200.69.113 [18/Jul/2023:14:08:40 +0000] "GET /.svn/wc.db HTTP/1.1" 404 192 "-" "Mozilla/5.0 (Macintosh; Intel Mac OS X 10_15_7) AppleWebKit/537.36 (KHTML, like Gecko) Chrome/99.0.4844.83 Safari/537.36"
[18-Jul-23 14:19:54 - INFO] - aiohttp.access - 146.19.215.41 [18/Jul/2023:14:19:54 +0000] "GET /.env HTTP/1.1" 404 173 "-" "python-requests/2.31.0"
[18-Jul-23 14:20:03 - INFO] - aiohttp.access - 146.19.215.41 [18/Jul/2023:14:20:03 +0000] "POST / HTTP/1.1" 405 208 "-" "python-requests/2.31.0"
[18-Jul-23 14:23:01 - INFO] - aiohttp.access - 43.155.118.219 [18/Jul/2023:14:23:01 +0000] "HEAD /Core/Skin/Login.aspx HTTP/1.1" 404 159 "-" "Mozilla/5.0 (Windows NT 10.0; Win64; x64) AppleWebKit/537.36 (KHTML, like Gecko) Chrome/106.0.0.0 Safari/537.36"
[18-Jul-23 14:35:18 - INFO] - aiohttp.access - 185.254.196.186 [18/Jul/2023:14:35:18 +0000] "GET /.env HTTP/1.1" 404 173 "-" "Mozilla/5.0 (X11; Linux x86_64) AppleWebKit/537.36 (KHTML, like Gecko) Chrome/81.0.4044.129 Safari/537.36"
[18-Jul-23 14:35:19 - INFO] - aiohttp.access - 185.254.196.186 [18/Jul/2023:14:35:19 +0000] "POST / HTTP/1.1" 405 208 "-" "Mozilla/5.0 (X11; Linux x86_64) AppleWebKit/537.36 (KHTML, like Gecko) Chrome/81.0.4044.129 Safari/537.36"
[18-Jul-23 15:02:56 - ERROR] - pyrogram.dispatcher - Telegram says: [400 MESSAGE_NOT_MODIFIED] - The message was not modified because you tried to edit it using the same content (caused by "messages.EditMessage")
Traceback (most recent call last):
  File "/usr/local/lib/python3.10/dist-packages/pyrogram/dispatcher.py", line 240, in handler_worker
    await handler.callback(self.client, *args)
  File "/home/ubuntu/public/Public-file-send-bot/plugins/cbb.py", line 12, in cb_handler
    await query.message.edit_text(
  File "/usr/local/lib/python3.10/dist-packages/pyrogram/types/messages_and_media/message.py", line 2803, in edit_text
    return await self._client.edit_message_text(
  File "/usr/local/lib/python3.10/dist-packages/pyrogram/methods/messages/edit_message_text.py", line 82, in edit_message_text
    r = await self.invoke(
  File "/usr/local/lib/python3.10/dist-packages/pyrogram/methods/advanced/invoke.py", line 79, in invoke
    r = await self.session.invoke(
  File "/usr/local/lib/python3.10/dist-packages/pyrogram/session/session.py", line 389, in invoke
    return await self.send(query, timeout=timeout)
  File "/usr/local/lib/python3.10/dist-packages/pyrogram/session/session.py", line 357, in send
    RPCError.raise_it(result, type(data))
  File "/usr/local/lib/python3.10/dist-packages/pyrogram/errors/rpc_error.py", line 91, in raise_it
    raise getattr(
pyrogram.errors.exceptions.bad_request_400.MessageNotModified: Telegram says: [400 MESSAGE_NOT_MODIFIED] - The message was not modified because you tried to edit it using the same content (caused by "messages.EditMessage")
[18-Jul-23 15:27:03 - INFO] - aiohttp.access - 45.128.232.176 [18/Jul/2023:15:27:03 +0000] "CONNECT  HTTP/1.1" 404 173 "-" "Go-http-client/1.1"
[18-Jul-23 15:33:20 - INFO] - aiohttp.access - 23.251.102.74 [18/Jul/2023:15:33:20 +0000] "GET / HTTP/1.1" 200 169 "-" "Mozilla/5.0 (Windows NT 10.0; Win64; x64) AppleWebKit/537.36 (KHTML, like Gecko) Chrome/60.0.3112.113 Safari/537.36 "
[18-Jul-23 15:57:16 - INFO] - aiohttp.access - 43.155.118.219 [18/Jul/2023:15:57:16 +0000] "HEAD /Core/Skin/Login.aspx HTTP/1.1" 404 159 "-" "Mozilla/5.0 (Windows NT 10.0; Win64; x64) AppleWebKit/537.36 (KHTML, like Gecko) Chrome/106.0.0.0 Safari/537.36"
[18-Jul-23 16:39:55 - INFO] - aiohttp.access - 185.180.143.11 [18/Jul/2023:16:39:55 +0000] "GET /favicon.ico HTTP/1.1" 404 173 "-" "Mozilla/5.0 (Windows NT 10.0; Win64; x64) AppleWebKit/537.36 (KHTML, like Gecko) Chrome/60.0.3112.113 Safari/537.36 "
[18-Jul-23 16:40:54 - INFO] - aiohttp.access - 139.162.84.205 [18/Jul/2023:16:40:54 +0000] "GET / HTTP/1.0" 200 169 "-" "Mozilla/5.0 (X11; Linux x86_64) AppleWebKit/537.36 (KHTML, like Gecko) Chrome/109.0.0.0 Safari/537.36"
[18-Jul-23 16:47:11 - INFO] - aiohttp.access - 179.43.162.94 [18/Jul/2023:16:47:11 +0000] "GET /.env HTTP/1.1" 404 192 "-" "Mozilla/5.0 (iPhone; CPU iPhone OS 8_3 like Mac OS X) AppleWebKit/600.1.4 (KHTML, like Gecko) Version/8.0 Mobile/12F70 Safari/600.1.4"
[18-Jul-23 16:51:57 - INFO] - aiohttp.access - 3.145.129.234 [18/Jul/2023:16:51:57 +0000] "GET /.git/config HTTP/1.1" 404 192 "-" "Mozilla/5.0 (Linux; Android 9; SM-G965F) AppleWebKit/537.36 (KHTML, like Gecko) Chrome/73.0.3683.90 Mobile Safari/537.36 EdgA/42.0.2.3819"
[18-Jul-23 17:21:45 - WARNING] - pyrogram.session.session - [Bot] Waiting for 5 seconds before continuing (required by "messages.SendMessage")
[18-Jul-23 17:21:46 - WARNING] - pyrogram.session.session - [Bot] Waiting for 4 seconds before continuing (required by "messages.EditMessage")
[18-Jul-23 17:21:46 - WARNING] - pyrogram.session.session - [Bot] Waiting for 4 seconds before continuing (required by "messages.EditMessage")
[18-Jul-23 17:21:46 - WARNING] - pyrogram.session.session - [Bot] Waiting for 4 seconds before continuing (required by "messages.EditMessage")
[18-Jul-23 17:21:46 - WARNING] - pyrogram.session.session - [Bot] Waiting for 4 seconds before continuing (required by "messages.EditMessage")
[18-Jul-23 17:21:46 - WARNING] - pyrogram.session.session - [Bot] Waiting for 4 seconds before continuing (required by "messages.EditMessage")
[18-Jul-23 17:21:50 - WARNING] - pyrogram.session.session - [Bot] Waiting for 3 seconds before continuing (required by "messages.EditMessage")
[18-Jul-23 17:21:51 - WARNING] - pyrogram.session.session - [Bot] Waiting for 4 seconds before continuing (required by "messages.EditMessage")
[18-Jul-23 17:21:53 - WARNING] - pyrogram.session.session - [Bot] Waiting for 3 seconds before continuing (required by "messages.EditMessage")
[18-Jul-23 17:31:37 - INFO] - aiohttp.access - 43.155.118.219 [18/Jul/2023:17:31:37 +0000] "HEAD /Core/Skin/Login.aspx HTTP/1.1" 404 159 "-" "Mozilla/5.0 (Windows NT 10.0; Win64; x64) AppleWebKit/537.36 (KHTML, like Gecko) Chrome/106.0.0.0 Safari/537.36"
[18-Jul-23 17:31:51 - INFO] - aiohttp.access - 209.222.252.91 [18/Jul/2023:17:31:51 +0000] "GET / HTTP/1.1" 200 169 "-" "Java/1.8.0_362"
[18-Jul-23 17:49:10 - INFO] - aiohttp.access - 185.254.196.186 [18/Jul/2023:17:49:10 +0000] "GET /.env HTTP/1.1" 404 173 "-" "Mozilla/5.0 (X11; Linux x86_64) AppleWebKit/537.36 (KHTML, like Gecko) Chrome/81.0.4044.129 Safari/537.36"
[18-Jul-23 17:49:12 - INFO] - aiohttp.access - 185.254.196.186 [18/Jul/2023:17:49:12 +0000] "POST / HTTP/1.1" 405 208 "-" "Mozilla/5.0 (X11; Linux x86_64) AppleWebKit/537.36 (KHTML, like Gecko) Chrome/81.0.4044.129 Safari/537.36"
[18-Jul-23 18:08:45 - INFO] - aiohttp.access - 198.244.238.88 [18/Jul/2023:18:08:45 +0000] "GET /_profiler/phpinfo HTTP/1.1" 404 173 "-" "python-requests/2.31.0"
[18-Jul-23 18:08:45 - INFO] - aiohttp.access - 198.244.238.88 [18/Jul/2023:18:08:45 +0000] "POST / HTTP/1.1" 405 208 "-" "python-requests/2.31.0"
[18-Jul-23 18:08:46 - INFO] - aiohttp.access - 198.244.238.88 [18/Jul/2023:18:08:46 +0000] "GET /.env HTTP/1.1" 404 173 "-" "python-requests/2.31.0"
[18-Jul-23 18:08:46 - INFO] - aiohttp.access - 198.244.238.88 [18/Jul/2023:18:08:46 +0000] "POST / HTTP/1.1" 405 208 "-" "python-requests/2.31.0"
[18-Jul-23 18:08:46 - INFO] - aiohttp.access - 198.244.238.88 [18/Jul/2023:18:08:46 +0000] "GET /.env.save HTTP/1.1" 404 173 "-" "python-requests/2.31.0"
[18-Jul-23 18:08:47 - INFO] - aiohttp.access - 198.244.238.88 [18/Jul/2023:18:08:47 +0000] "POST / HTTP/1.1" 405 208 "-" "python-requests/2.31.0"
[18-Jul-23 19:05:38 - INFO] - aiohttp.access - 43.155.118.219 [18/Jul/2023:19:05:38 +0000] "HEAD /Core/Skin/Login.aspx HTTP/1.1" 404 159 "-" "Mozilla/5.0 (Windows NT 10.0; Win64; x64) AppleWebKit/537.36 (KHTML, like Gecko) Chrome/106.0.0.0 Safari/537.36"
[18-Jul-23 19:12:29 - INFO] - aiohttp.access - 91.224.92.16 [18/Jul/2023:19:12:29 +0000] "GET / HTTP/1.1" 200 169 "-" "-"
[18-Jul-23 19:33:09 - INFO] - aiohttp.access - 35.175.180.184 [18/Jul/2023:19:33:09 +0000] "GET /.git/config HTTP/1.1" 404 173 "-" "python-requests/2.25.1"
[18-Jul-23 19:33:10 - INFO] - aiohttp.access - 35.175.180.184 [18/Jul/2023:19:33:10 +0000] "GET /private/.env HTTP/1.1" 404 173 "-" "Mozilla/5.0 (Macintosh; Intel Mac OS X 10.15; rv:77.0) Gecko/20100101 Firefox/77.0"
[18-Jul-23 19:33:10 - INFO] - aiohttp.access - 35.175.180.184 [18/Jul/2023:19:33:10 +0000] "POST /private/.env HTTP/1.1" 404 173 "-" "Mozilla/5.0 (Macintosh; Intel Mac OS X 10.15; rv:77.0) Gecko/20100101 Firefox/77.0"
[18-Jul-23 19:33:10 - INFO] - aiohttp.access - 35.175.180.184 [18/Jul/2023:19:33:10 +0000] "GET /.env HTTP/1.1" 404 173 "-" "Mozilla/5.0 (Macintosh; Intel Mac OS X 10.15; rv:77.0) Gecko/20100101 Firefox/77.0"
[18-Jul-23 19:33:11 - INFO] - aiohttp.access - 35.175.180.184 [18/Jul/2023:19:33:11 +0000] "POST /.env HTTP/1.1" 404 173 "-" "Mozilla/5.0 (Macintosh; Intel Mac OS X 10.15; rv:77.0) Gecko/20100101 Firefox/77.0"
[18-Jul-23 19:33:11 - INFO] - aiohttp.access - 35.175.180.184 [18/Jul/2023:19:33:11 +0000] "GET /api/.env HTTP/1.1" 404 173 "-" "Mozilla/5.0 (Macintosh; Intel Mac OS X 10.15; rv:77.0) Gecko/20100101 Firefox/77.0"
[18-Jul-23 19:33:11 - INFO] - aiohttp.access - 35.175.180.184 [18/Jul/2023:19:33:11 +0000] "POST /api/.env HTTP/1.1" 404 173 "-" "Mozilla/5.0 (Macintosh; Intel Mac OS X 10.15; rv:77.0) Gecko/20100101 Firefox/77.0"
[18-Jul-23 19:33:12 - INFO] - aiohttp.access - 35.175.180.184 [18/Jul/2023:19:33:12 +0000] "GET /admin-app/.env HTTP/1.1" 404 173 "-" "Mozilla/5.0 (Macintosh; Intel Mac OS X 10.15; rv:77.0) Gecko/20100101 Firefox/77.0"
[18-Jul-23 19:33:12 - INFO] - aiohttp.access - 35.175.180.184 [18/Jul/2023:19:33:12 +0000] "POST /admin-app/.env HTTP/1.1" 404 173 "-" "Mozilla/5.0 (Macintosh; Intel Mac OS X 10.15; rv:77.0) Gecko/20100101 Firefox/77.0"
[18-Jul-23 19:33:13 - INFO] - aiohttp.access - 35.175.180.184 [18/Jul/2023:19:33:13 +0000] "GET /laravel/.env HTTP/1.1" 404 173 "-" "Mozilla/5.0 (Macintosh; Intel Mac OS X 10.15; rv:77.0) Gecko/20100101 Firefox/77.0"
[18-Jul-23 19:33:13 - INFO] - aiohttp.access - 35.175.180.184 [18/Jul/2023:19:33:13 +0000] "POST /laravel/.env HTTP/1.1" 404 173 "-" "Mozilla/5.0 (Macintosh; Intel Mac OS X 10.15; rv:77.0) Gecko/20100101 Firefox/77.0"
[18-Jul-23 19:33:13 - INFO] - aiohttp.access - 35.175.180.184 [18/Jul/2023:19:33:13 +0000] "GET /development/.env HTTP/1.1" 404 173 "-" "Mozilla/5.0 (Macintosh; Intel Mac OS X 10.15; rv:77.0) Gecko/20100101 Firefox/77.0"
[18-Jul-23 19:33:14 - INFO] - aiohttp.access - 35.175.180.184 [18/Jul/2023:19:33:14 +0000] "POST /development/.env HTTP/1.1" 404 173 "-" "Mozilla/5.0 (Macintosh; Intel Mac OS X 10.15; rv:77.0) Gecko/20100101 Firefox/77.0"
[18-Jul-23 19:33:14 - INFO] - aiohttp.access - 35.175.180.184 [18/Jul/2023:19:33:14 +0000] "GET /.env.project HTTP/1.1" 404 173 "-" "Mozilla/5.0 (Macintosh; Intel Mac OS X 10.15; rv:77.0) Gecko/20100101 Firefox/77.0"
[18-Jul-23 19:33:14 - INFO] - aiohttp.access - 35.175.180.184 [18/Jul/2023:19:33:14 +0000] "POST /.env.project HTTP/1.1" 404 173 "-" "Mozilla/5.0 (Macintosh; Intel Mac OS X 10.15; rv:77.0) Gecko/20100101 Firefox/77.0"
[18-Jul-23 19:33:15 - INFO] - aiohttp.access - 35.175.180.184 [18/Jul/2023:19:33:15 +0000] "GET /.env.old HTTP/1.1" 404 173 "-" "Mozilla/5.0 (Macintosh; Intel Mac OS X 10.15; rv:77.0) Gecko/20100101 Firefox/77.0"
[18-Jul-23 19:33:15 - INFO] - aiohttp.access - 35.175.180.184 [18/Jul/2023:19:33:15 +0000] "POST /.env.old HTTP/1.1" 404 173 "-" "Mozilla/5.0 (Macintosh; Intel Mac OS X 10.15; rv:77.0) Gecko/20100101 Firefox/77.0"
[18-Jul-23 19:33:16 - INFO] - aiohttp.access - 35.175.180.184 [18/Jul/2023:19:33:16 +0000] "GET /.env.development HTTP/1.1" 404 173 "-" "Mozilla/5.0 (Macintosh; Intel Mac OS X 10.15; rv:77.0) Gecko/20100101 Firefox/77.0"
[18-Jul-23 19:33:16 - INFO] - aiohttp.access - 35.175.180.184 [18/Jul/2023:19:33:16 +0000] "POST /.env.development HTTP/1.1" 404 173 "-" "Mozilla/5.0 (Macintosh; Intel Mac OS X 10.15; rv:77.0) Gecko/20100101 Firefox/77.0"
[18-Jul-23 19:33:16 - INFO] - aiohttp.access - 35.175.180.184 [18/Jul/2023:19:33:16 +0000] "GET /core/.env HTTP/1.1" 404 173 "-" "Mozilla/5.0 (Macintosh; Intel Mac OS X 10.15; rv:77.0) Gecko/20100101 Firefox/77.0"
[18-Jul-23 19:33:17 - INFO] - aiohttp.access - 35.175.180.184 [18/Jul/2023:19:33:17 +0000] "POST /core/.env HTTP/1.1" 404 173 "-" "Mozilla/5.0 (Macintosh; Intel Mac OS X 10.15; rv:77.0) Gecko/20100101 Firefox/77.0"
[18-Jul-23 19:33:17 - INFO] - aiohttp.access - 35.175.180.184 [18/Jul/2023:19:33:17 +0000] "GET /script/.env HTTP/1.1" 404 173 "-" "Mozilla/5.0 (Macintosh; Intel Mac OS X 10.15; rv:77.0) Gecko/20100101 Firefox/77.0"
[18-Jul-23 19:33:17 - INFO] - aiohttp.access - 35.175.180.184 [18/Jul/2023:19:33:17 +0000] "POST /script/.env HTTP/1.1" 404 173 "-" "Mozilla/5.0 (Macintosh; Intel Mac OS X 10.15; rv:77.0) Gecko/20100101 Firefox/77.0"
[18-Jul-23 19:33:18 - INFO] - aiohttp.access - 35.175.180.184 [18/Jul/2023:19:33:18 +0000] "GET /cms/.env HTTP/1.1" 404 173 "-" "Mozilla/5.0 (Macintosh; Intel Mac OS X 10.15; rv:77.0) Gecko/20100101 Firefox/77.0"
[18-Jul-23 19:33:18 - INFO] - aiohttp.access - 35.175.180.184 [18/Jul/2023:19:33:18 +0000] "POST /cms/.env HTTP/1.1" 404 173 "-" "Mozilla/5.0 (Macintosh; Intel Mac OS X 10.15; rv:77.0) Gecko/20100101 Firefox/77.0"
[18-Jul-23 19:33:19 - INFO] - aiohttp.access - 35.175.180.184 [18/Jul/2023:19:33:19 +0000] "GET /.env.dist HTTP/1.1" 404 173 "-" "Mozilla/5.0 (Macintosh; Intel Mac OS X 10.15; rv:77.0) Gecko/20100101 Firefox/77.0"
[18-Jul-23 19:33:19 - INFO] - aiohttp.access - 35.175.180.184 [18/Jul/2023:19:33:19 +0000] "POST /.env.dist HTTP/1.1" 404 173 "-" "Mozilla/5.0 (Macintosh; Intel Mac OS X 10.15; rv:77.0) Gecko/20100101 Firefox/77.0"
[18-Jul-23 19:33:19 - INFO] - aiohttp.access - 35.175.180.184 [18/Jul/2023:19:33:19 +0000] "GET /enviroments/.env HTTP/1.1" 404 173 "-" "Mozilla/5.0 (Macintosh; Intel Mac OS X 10.15; rv:77.0) Gecko/20100101 Firefox/77.0"
[18-Jul-23 19:33:20 - INFO] - aiohttp.access - 35.175.180.184 [18/Jul/2023:19:33:20 +0000] "POST /enviroments/.env HTTP/1.1" 404 173 "-" "Mozilla/5.0 (Macintosh; Intel Mac OS X 10.15; rv:77.0) Gecko/20100101 Firefox/77.0"
[18-Jul-23 19:33:20 - INFO] - aiohttp.access - 35.175.180.184 [18/Jul/2023:19:33:20 +0000] "GET /back/.env HTTP/1.1" 404 173 "-" "Mozilla/5.0 (Macintosh; Intel Mac OS X 10.15; rv:77.0) Gecko/20100101 Firefox/77.0"
[18-Jul-23 19:33:20 - INFO] - aiohttp.access - 35.175.180.184 [18/Jul/2023:19:33:20 +0000] "POST /back/.env HTTP/1.1" 404 173 "-" "Mozilla/5.0 (Macintosh; Intel Mac OS X 10.15; rv:77.0) Gecko/20100101 Firefox/77.0"
[18-Jul-23 19:33:21 - INFO] - aiohttp.access - 35.175.180.184 [18/Jul/2023:19:33:21 +0000] "GET /.env.prod HTTP/1.1" 404 173 "-" "Mozilla/5.0 (Macintosh; Intel Mac OS X 10.15; rv:77.0) Gecko/20100101 Firefox/77.0"
[18-Jul-23 19:33:21 - INFO] - aiohttp.access - 35.175.180.184 [18/Jul/2023:19:33:21 +0000] "POST /.env.prod HTTP/1.1" 404 173 "-" "Mozilla/5.0 (Macintosh; Intel Mac OS X 10.15; rv:77.0) Gecko/20100101 Firefox/77.0"
[18-Jul-23 19:33:22 - INFO] - aiohttp.access - 35.175.180.184 [18/Jul/2023:19:33:22 +0000] "GET /enviroments/.env.production HTTP/1.1" 404 173 "-" "Mozilla/5.0 (Macintosh; Intel Mac OS X 10.15; rv:77.0) Gecko/20100101 Firefox/77.0"
[18-Jul-23 19:33:22 - INFO] - aiohttp.access - 35.175.180.184 [18/Jul/2023:19:33:22 +0000] "POST /enviroments/.env.production HTTP/1.1" 404 173 "-" "Mozilla/5.0 (Macintosh; Intel Mac OS X 10.15; rv:77.0) Gecko/20100101 Firefox/77.0"
[18-Jul-23 19:33:22 - INFO] - aiohttp.access - 35.175.180.184 [18/Jul/2023:19:33:22 +0000] "GET /shared/.env HTTP/1.1" 404 173 "-" "Mozilla/5.0 (Macintosh; Intel Mac OS X 10.15; rv:77.0) Gecko/20100101 Firefox/77.0"
[18-Jul-23 19:33:23 - INFO] - aiohttp.access - 35.175.180.184 [18/Jul/2023:19:33:23 +0000] "POST /shared/.env HTTP/1.1" 404 173 "-" "Mozilla/5.0 (Macintosh; Intel Mac OS X 10.15; rv:77.0) Gecko/20100101 Firefox/77.0"
[18-Jul-23 19:33:23 - INFO] - aiohttp.access - 35.175.180.184 [18/Jul/2023:19:33:23 +0000] "GET /sources/.env HTTP/1.1" 404 173 "-" "Mozilla/5.0 (Macintosh; Intel Mac OS X 10.15; rv:77.0) Gecko/20100101 Firefox/77.0"
[18-Jul-23 19:33:23 - INFO] - aiohttp.access - 35.175.180.184 [18/Jul/2023:19:33:23 +0000] "POST /sources/.env HTTP/1.1" 404 173 "-" "Mozilla/5.0 (Macintosh; Intel Mac OS X 10.15; rv:77.0) Gecko/20100101 Firefox/77.0"
[18-Jul-23 19:33:24 - INFO] - aiohttp.access - 35.175.180.184 [18/Jul/2023:19:33:24 +0000] "GET /local/.env HTTP/1.1" 404 173 "-" "Mozilla/5.0 (Macintosh; Intel Mac OS X 10.15; rv:77.0) Gecko/20100101 Firefox/77.0"
[18-Jul-23 19:33:24 - INFO] - aiohttp.access - 35.175.180.184 [18/Jul/2023:19:33:24 +0000] "POST /local/.env HTTP/1.1" 404 173 "-" "Mozilla/5.0 (Macintosh; Intel Mac OS X 10.15; rv:77.0) Gecko/20100101 Firefox/77.0"
[18-Jul-23 19:33:25 - INFO] - aiohttp.access - 35.175.180.184 [18/Jul/2023:19:33:25 +0000] "GET /apps/.env HTTP/1.1" 404 173 "-" "Mozilla/5.0 (Macintosh; Intel Mac OS X 10.15; rv:77.0) Gecko/20100101 Firefox/77.0"
[18-Jul-23 19:33:25 - INFO] - aiohttp.access - 35.175.180.184 [18/Jul/2023:19:33:25 +0000] "POST /apps/.env HTTP/1.1" 404 173 "-" "Mozilla/5.0 (Macintosh; Intel Mac OS X 10.15; rv:77.0) Gecko/20100101 Firefox/77.0"
[18-Jul-23 19:33:25 - INFO] - aiohttp.access - 35.175.180.184 [18/Jul/2023:19:33:25 +0000] "GET /.env.save HTTP/1.1" 404 173 "-" "Mozilla/5.0 (Macintosh; Intel Mac OS X 10.15; rv:77.0) Gecko/20100101 Firefox/77.0"
[18-Jul-23 19:33:26 - INFO] - aiohttp.access - 35.175.180.184 [18/Jul/2023:19:33:26 +0000] "POST /.env.save HTTP/1.1" 404 173 "-" "Mozilla/5.0 (Macintosh; Intel Mac OS X 10.15; rv:77.0) Gecko/20100101 Firefox/77.0"
[18-Jul-23 19:33:26 - INFO] - aiohttp.access - 35.175.180.184 [18/Jul/2023:19:33:26 +0000] "GET /application/.env HTTP/1.1" 404 173 "-" "Mozilla/5.0 (Macintosh; Intel Mac OS X 10.15; rv:77.0) Gecko/20100101 Firefox/77.0"
[18-Jul-23 19:33:26 - INFO] - aiohttp.access - 35.175.180.184 [18/Jul/2023:19:33:26 +0000] "POST /application/.env HTTP/1.1" 404 173 "-" "Mozilla/5.0 (Macintosh; Intel Mac OS X 10.15; rv:77.0) Gecko/20100101 Firefox/77.0"
[18-Jul-23 19:33:27 - INFO] - aiohttp.access - 35.175.180.184 [18/Jul/2023:19:33:27 +0000] "GET /rest/.env HTTP/1.1" 404 173 "-" "Mozilla/5.0 (Macintosh; Intel Mac OS X 10.15; rv:77.0) Gecko/20100101 Firefox/77.0"
[18-Jul-23 19:33:27 - INFO] - aiohttp.access - 35.175.180.184 [18/Jul/2023:19:33:27 +0000] "POST /rest/.env HTTP/1.1" 404 173 "-" "Mozilla/5.0 (Macintosh; Intel Mac OS X 10.15; rv:77.0) Gecko/20100101 Firefox/77.0"
[18-Jul-23 19:33:28 - INFO] - aiohttp.access - 35.175.180.184 [18/Jul/2023:19:33:28 +0000] "GET /cp/.env HTTP/1.1" 404 173 "-" "Mozilla/5.0 (Macintosh; Intel Mac OS X 10.15; rv:77.0) Gecko/20100101 Firefox/77.0"
[18-Jul-23 19:33:28 - INFO] - aiohttp.access - 35.175.180.184 [18/Jul/2023:19:33:28 +0000] "POST /cp/.env HTTP/1.1" 404 173 "-" "Mozilla/5.0 (Macintosh; Intel Mac OS X 10.15; rv:77.0) Gecko/20100101 Firefox/77.0"
[18-Jul-23 19:33:28 - INFO] - aiohttp.access - 35.175.180.184 [18/Jul/2023:19:33:28 +0000] "GET /.env.production HTTP/1.1" 404 173 "-" "Mozilla/5.0 (Macintosh; Intel Mac OS X 10.15; rv:77.0) Gecko/20100101 Firefox/77.0"
[18-Jul-23 19:33:29 - INFO] - aiohttp.access - 35.175.180.184 [18/Jul/2023:19:33:29 +0000] "POST /.env.production HTTP/1.1" 404 173 "-" "Mozilla/5.0 (Macintosh; Intel Mac OS X 10.15; rv:77.0) Gecko/20100101 Firefox/77.0"
[18-Jul-23 19:33:29 - INFO] - aiohttp.access - 35.175.180.184 [18/Jul/2023:19:33:29 +0000] "GET /fedex/.env HTTP/1.1" 404 173 "-" "Mozilla/5.0 (Macintosh; Intel Mac OS X 10.15; rv:77.0) Gecko/20100101 Firefox/77.0"
[18-Jul-23 19:33:29 - INFO] - aiohttp.access - 35.175.180.184 [18/Jul/2023:19:33:29 +0000] "POST /fedex/.env HTTP/1.1" 404 173 "-" "Mozilla/5.0 (Macintosh; Intel Mac OS X 10.15; rv:77.0) Gecko/20100101 Firefox/77.0"
[18-Jul-23 19:33:30 - INFO] - aiohttp.access - 35.175.180.184 [18/Jul/2023:19:33:30 +0000] "GET /live_env HTTP/1.1" 404 173 "-" "Mozilla/5.0 (Macintosh; Intel Mac OS X 10.15; rv:77.0) Gecko/20100101 Firefox/77.0"
[18-Jul-23 19:33:30 - INFO] - aiohttp.access - 35.175.180.184 [18/Jul/2023:19:33:30 +0000] "POST /live_env HTTP/1.1" 404 173 "-" "Mozilla/5.0 (Macintosh; Intel Mac OS X 10.15; rv:77.0) Gecko/20100101 Firefox/77.0"
[18-Jul-23 19:33:31 - INFO] - aiohttp.access - 35.175.180.184 [18/Jul/2023:19:33:31 +0000] "GET /system/.env HTTP/1.1" 404 173 "-" "Mozilla/5.0 (Macintosh; Intel Mac OS X 10.15; rv:77.0) Gecko/20100101 Firefox/77.0"
[18-Jul-23 19:33:31 - INFO] - aiohttp.access - 35.175.180.184 [18/Jul/2023:19:33:31 +0000] "POST /system/.env HTTP/1.1" 404 173 "-" "Mozilla/5.0 (Macintosh; Intel Mac OS X 10.15; rv:77.0) Gecko/20100101 Firefox/77.0"
[18-Jul-23 19:33:31 - INFO] - aiohttp.access - 35.175.180.184 [18/Jul/2023:19:33:31 +0000] "GET /app/.env HTTP/1.1" 404 173 "-" "Mozilla/5.0 (Macintosh; Intel Mac OS X 10.15; rv:77.0) Gecko/20100101 Firefox/77.0"
[18-Jul-23 19:33:32 - INFO] - aiohttp.access - 35.175.180.184 [18/Jul/2023:19:33:32 +0000] "POST /app/.env HTTP/1.1" 404 173 "-" "Mozilla/5.0 (Macintosh; Intel Mac OS X 10.15; rv:77.0) Gecko/20100101 Firefox/77.0"
[18-Jul-23 19:33:32 - INFO] - aiohttp.access - 35.175.180.184 [18/Jul/2023:19:33:32 +0000] "GET /docker/.env HTTP/1.1" 404 173 "-" "Mozilla/5.0 (Macintosh; Intel Mac OS X 10.15; rv:77.0) Gecko/20100101 Firefox/77.0"
[18-Jul-23 19:33:32 - INFO] - aiohttp.access - 35.175.180.184 [18/Jul/2023:19:33:32 +0000] "POST /docker/.env HTTP/1.1" 404 173 "-" "Mozilla/5.0 (Macintosh; Intel Mac OS X 10.15; rv:77.0) Gecko/20100101 Firefox/77.0"
[18-Jul-23 19:33:33 - INFO] - aiohttp.access - 35.175.180.184 [18/Jul/2023:19:33:33 +0000] "GET /frontend_dev.php/$ HTTP/1.1" 404 173 "-" "Mozilla/5.0 (Macintosh; Intel Mac OS X 10.15; rv:77.0) Gecko/20100101 Firefox/77.0"
[18-Jul-23 19:33:33 - INFO] - aiohttp.access - 35.175.180.184 [18/Jul/2023:19:33:33 +0000] "GET /debug/default/view?panel=config HTTP/1.1" 404 173 "-" "Mozilla/5.0 (Macintosh; Intel Mac OS X 10.15; rv:77.0) Gecko/20100101 Firefox/77.0"
[18-Jul-23 19:33:34 - INFO] - aiohttp.access - 35.175.180.184 [18/Jul/2023:19:33:34 +0000] "GET /config.json HTTP/1.1" 404 173 "-" "Mozilla/5.0 (Macintosh; Intel Mac OS X 10.15; rv:77.0) Gecko/20100101 Firefox/77.0"
[18-Jul-23 19:33:34 - INFO] - aiohttp.access - 35.175.180.184 [18/Jul/2023:19:33:34 +0000] "GET /.json HTTP/1.1" 404 173 "-" "Mozilla/5.0 (Macintosh; Intel Mac OS X 10.15; rv:77.0) Gecko/20100101 Firefox/77.0"
[18-Jul-23 19:33:34 - INFO] - aiohttp.access - 35.175.180.184 [18/Jul/2023:19:33:34 +0000] "GET /info.php HTTP/1.1" 404 173 "-" "Mozilla/5.0 (Macintosh; Intel Mac OS X 10.15; rv:77.0) Gecko/20100101 Firefox/77.0"
[18-Jul-23 19:33:35 - INFO] - aiohttp.access - 35.175.180.184 [18/Jul/2023:19:33:35 +0000] "GET /_profiler/phpinfo HTTP/1.1" 404 173 "-" "Mozilla/5.0 (Macintosh; Intel Mac OS X 10.15; rv:77.0) Gecko/20100101 Firefox/77.0"
[18-Jul-23 19:33:35 - INFO] - aiohttp.access - 35.175.180.184 [18/Jul/2023:19:33:35 +0000] "GET /phpinfo.php HTTP/1.1" 404 173 "-" "Mozilla/5.0 (Macintosh; Intel Mac OS X 10.15; rv:77.0) Gecko/20100101 Firefox/77.0"
[18-Jul-23 19:33:35 - INFO] - aiohttp.access - 35.175.180.184 [18/Jul/2023:19:33:35 +0000] "GET /?phpinfo=1 HTTP/1.1" 200 169 "-" "Mozilla/5.0 (Macintosh; Intel Mac OS X 10.15; rv:77.0) Gecko/20100101 Firefox/77.0"
[18-Jul-23 20:01:20 - ERROR] - aiohttp.server - Error handling request
Traceback (most recent call last):
  File "/usr/local/lib/python3.10/dist-packages/aiohttp/web_protocol.py", line 332, in data_received
    messages, upgraded, tail = self._request_parser.feed_data(data)
  File "aiohttp/_http_parser.pyx", line 551, in aiohttp._http_parser.HttpParser.feed_data
aiohttp.http_exceptions.BadStatusLine: 400, message="Bad status line 'Invalid method encountered'"
[18-Jul-23 20:01:20 - INFO] - aiohttp.access - 45.33.80.243 [18/Jul/2023:20:01:20 +0000] "UNKNOWN / HTTP/1.0" 400 205 "-" "-"
[18-Jul-23 20:01:59 - INFO] - aiohttp.access - 45.79.168.172 [18/Jul/2023:20:01:59 +0000] "GET / HTTP/1.1" 200 169 "-" "Mozilla/5.0 zgrab/0.x"
[18-Jul-23 20:02:16 - INFO] - aiohttp.access - 172.104.11.4 [18/Jul/2023:20:02:16 +0000] "GET / HTTP/1.1" 200 169 "-" "Mozilla/5.0 (Macintosh; Intel Mac OS X 13_1) AppleWebKit/537.36 (KHTML, like Gecko) Chrome/108.0.0.0 Safari/537.36"
[18-Jul-23 20:07:43 - INFO] - aiohttp.access - 205.210.31.29 [18/Jul/2023:20:07:43 +0000] "GET / HTTP/1.0" 200 169 "-" "Expanse, a Palo Alto Networks company, searches across the global IPv4 space multiple times per day to identify customers&#39; presences on the Internet. If you would like to be excluded from our scans, please send IP addresses/domains to: scaninfo@paloaltonetworks.com"
[18-Jul-23 20:11:36 - INFO] - aiohttp.access - 45.80.158.109 [18/Jul/2023:20:11:36 +0000] "GET /.env HTTP/1.1" 404 173 "-" "Mozilla/5.0 (X11; Linux x86_64) AppleWebKit/537.36 (KHTML, like Gecko) Chrome/81.0.4044.129 Safari/537.36"
[18-Jul-23 20:11:36 - INFO] - aiohttp.access - 45.80.158.109 [18/Jul/2023:20:11:36 +0000] "POST / HTTP/1.1" 405 208 "-" "Mozilla/5.0 (X11; Linux x86_64) AppleWebKit/537.36 (KHTML, like Gecko) Chrome/81.0.4044.129 Safari/537.36"
[18-Jul-23 20:32:56 - INFO] - aiohttp.access - 18.220.26.199 [18/Jul/2023:20:32:56 +0000] "GET /.git/config HTTP/1.1" 404 192 "-" "Mozilla/5.0 (X11; Linux x86_64) AppleWebKit/537.36 (KHTML, like Gecko) Chrome/76.0.3809.87 Safari/537.36"
[18-Jul-23 20:39:49 - INFO] - aiohttp.access - 198.235.24.79 [18/Jul/2023:20:39:49 +0000] "GET / HTTP/1.1" 200 169 "-" "Expanse, a Palo Alto Networks company, searches across the global IPv4 space multiple times per day to identify customers&#39; presences on the Internet. If you would like to be excluded from our scans, please send IP addresses/domains to: scaninfo@paloaltonetworks.com"
[18-Jul-23 20:39:57 - INFO] - aiohttp.access - 139.162.84.205 [18/Jul/2023:20:39:57 +0000] "GET / HTTP/1.0" 200 169 "-" "Mozilla/5.0 (X11; Linux x86_64) AppleWebKit/537.36 (KHTML, like Gecko) Chrome/109.0.0.0 Safari/537.36"
[18-Jul-23 20:40:08 - INFO] - aiohttp.access - 43.155.118.219 [18/Jul/2023:20:40:08 +0000] "HEAD /Core/Skin/Login.aspx HTTP/1.1" 404 159 "-" "Mozilla/5.0 (Windows NT 10.0; Win64; x64) AppleWebKit/537.36 (KHTML, like Gecko) Chrome/106.0.0.0 Safari/537.36"
[18-Jul-23 20:40:25 - INFO] - aiohttp.access - 109.237.98.226 [18/Jul/2023:20:40:25 +0000] "GET /.env HTTP/1.1" 404 173 "-" "Mozilla/5.0 (X11; Linux x86_64) AppleWebKit/537.36 (KHTML, like Gecko) Chrome/81.0.4044.129 Safari/537.36"
[18-Jul-23 20:40:25 - ERROR] - aiohttp.server - Error handling request
Traceback (most recent call last):
  File "/usr/local/lib/python3.10/dist-packages/aiohttp/web_protocol.py", line 332, in data_received
    messages, upgraded, tail = self._request_parser.feed_data(data)
  File "aiohttp/_http_parser.pyx", line 551, in aiohttp._http_parser.HttpParser.feed_data
aiohttp.http_exceptions.BadStatusLine: 400, message="Bad status line 'Invalid method encountered'"
[18-Jul-23 20:40:25 - INFO] - aiohttp.access - 109.237.98.226 [18/Jul/2023:20:40:25 +0000] "UNKNOWN / HTTP/1.0" 400 205 "-" "-"
[18-Jul-23 20:48:42 - INFO] - aiohttp.access - 198.235.24.124 [18/Jul/2023:20:48:42 +0000] "GET / HTTP/1.0" 200 169 "-" "Expanse, a Palo Alto Networks company, searches across the global IPv4 space multiple times per day to identify customers&#39; presences on the Internet. If you would like to be excluded from our scans, please send IP addresses/domains to: scaninfo@paloaltonetworks.com"
[18-Jul-23 20:55:27 - INFO] - aiohttp.access - 20.5.41.140 [18/Jul/2023:20:55:27 +0000] "GET /_profiler/phpinfo HTTP/1.1" 404 173 "-" "Mozilla/5.0 (Linux; U; Android 4.4.2; en-US; HM NOTE 1W Build/KOT49H) AppleWebKit/534.30 (KHTML, like Gecko) Version/4.0 UCBrowser/11.0.5.850 U3/0.8.0 Mobile Safari/534.30"
[18-Jul-23 20:58:34 - INFO] - aiohttp.access - 23.90.160.146 [18/Jul/2023:20:58:34 +0000] "GET / HTTP/1.1" 200 169 "-" "Mozilla/5.0 (Windows NT 10.0; WOW64) AppleWebKit/537.36 (KHTML, like Gecko) Chrome/66.0.3359.117 Safari/537.36 "
[18-Jul-23 21:01:36 - INFO] - aiohttp.access - 43.163.200.64 [18/Jul/2023:21:01:36 +0000] "GET / HTTP/1.1" 200 169 "-" "'Mozilla/5.0"
[18-Jul-23 21:16:40 - INFO] - aiohttp.access - 154.209.125.123 [18/Jul/2023:21:16:40 +0000] "GET / HTTP/1.1" 200 169 "-" "Mozilla/5.0 (Macintosh; Intel Mac OS X 10.11; rv:47.0) Gecko/20100101 Firefox/47.0"
[18-Jul-23 21:32:25 - INFO] - aiohttp.access - 35.203.211.95 [18/Jul/2023:21:32:25 +0000] "GET / HTTP/1.1" 200 169 "-" "Expanse, a Palo Alto Networks company, searches across the global IPv4 space multiple times per day to identify customers&#39; presences on the Internet. If you would like to be excluded from our scans, please send IP addresses/domains to: scaninfo@paloaltonetworks.com"
[18-Jul-23 21:34:28 - INFO] - aiohttp.access - 18.232.188.221 [18/Jul/2023:21:34:28 +0000] "GET /.git/config HTTP/1.1" 404 173 "-" "python-requests/2.25.1"
[18-Jul-23 21:34:29 - INFO] - aiohttp.access - 18.232.188.221 [18/Jul/2023:21:34:29 +0000] "GET /.env HTTP/1.1" 404 173 "-" "Mozilla/5.0 (Macintosh; Intel Mac OS X 10.15; rv:77.0) Gecko/20100101 Firefox/77.0"
[18-Jul-23 21:34:29 - INFO] - aiohttp.access - 18.232.188.221 [18/Jul/2023:21:34:29 +0000] "POST /.env HTTP/1.1" 404 173 "-" "Mozilla/5.0 (Macintosh; Intel Mac OS X 10.15; rv:77.0) Gecko/20100101 Firefox/77.0"
[18-Jul-23 21:34:30 - INFO] - aiohttp.access - 18.232.188.221 [18/Jul/2023:21:34:30 +0000] "GET /core/.env HTTP/1.1" 404 173 "-" "Mozilla/5.0 (Macintosh; Intel Mac OS X 10.15; rv:77.0) Gecko/20100101 Firefox/77.0"
[18-Jul-23 21:34:30 - INFO] - aiohttp.access - 18.232.188.221 [18/Jul/2023:21:34:30 +0000] "POST /core/.env HTTP/1.1" 404 173 "-" "Mozilla/5.0 (Macintosh; Intel Mac OS X 10.15; rv:77.0) Gecko/20100101 Firefox/77.0"
[18-Jul-23 21:34:30 - INFO] - aiohttp.access - 18.232.188.221 [18/Jul/2023:21:34:30 +0000] "GET /apps/.env HTTP/1.1" 404 173 "-" "Mozilla/5.0 (Macintosh; Intel Mac OS X 10.15; rv:77.0) Gecko/20100101 Firefox/77.0"
[18-Jul-23 21:34:31 - INFO] - aiohttp.access - 18.232.188.221 [18/Jul/2023:21:34:31 +0000] "POST /apps/.env HTTP/1.1" 404 173 "-" "Mozilla/5.0 (Macintosh; Intel Mac OS X 10.15; rv:77.0) Gecko/20100101 Firefox/77.0"
[18-Jul-23 21:34:31 - INFO] - aiohttp.access - 18.232.188.221 [18/Jul/2023:21:34:31 +0000] "GET /rest/.env HTTP/1.1" 404 173 "-" "Mozilla/5.0 (Macintosh; Intel Mac OS X 10.15; rv:77.0) Gecko/20100101 Firefox/77.0"
[18-Jul-23 21:34:31 - INFO] - aiohttp.access - 18.232.188.221 [18/Jul/2023:21:34:31 +0000] "POST /rest/.env HTTP/1.1" 404 173 "-" "Mozilla/5.0 (Macintosh; Intel Mac OS X 10.15; rv:77.0) Gecko/20100101 Firefox/77.0"
[18-Jul-23 21:34:32 - INFO] - aiohttp.access - 18.232.188.221 [18/Jul/2023:21:34:32 +0000] "GET /.env.old HTTP/1.1" 404 173 "-" "Mozilla/5.0 (Macintosh; Intel Mac OS X 10.15; rv:77.0) Gecko/20100101 Firefox/77.0"
[18-Jul-23 21:34:32 - INFO] - aiohttp.access - 18.232.188.221 [18/Jul/2023:21:34:32 +0000] "POST /.env.old HTTP/1.1" 404 173 "-" "Mozilla/5.0 (Macintosh; Intel Mac OS X 10.15; rv:77.0) Gecko/20100101 Firefox/77.0"
[18-Jul-23 21:34:33 - INFO] - aiohttp.access - 18.232.188.221 [18/Jul/2023:21:34:33 +0000] "GET /.env.development HTTP/1.1" 404 173 "-" "Mozilla/5.0 (Macintosh; Intel Mac OS X 10.15; rv:77.0) Gecko/20100101 Firefox/77.0"
[18-Jul-23 21:34:33 - INFO] - aiohttp.access - 18.232.188.221 [18/Jul/2023:21:34:33 +0000] "POST /.env.development HTTP/1.1" 404 173 "-" "Mozilla/5.0 (Macintosh; Intel Mac OS X 10.15; rv:77.0) Gecko/20100101 Firefox/77.0"
[18-Jul-23 21:34:33 - INFO] - aiohttp.access - 18.232.188.221 [18/Jul/2023:21:34:33 +0000] "GET /back/.env HTTP/1.1" 404 173 "-" "Mozilla/5.0 (Macintosh; Intel Mac OS X 10.15; rv:77.0) Gecko/20100101 Firefox/77.0"
[18-Jul-23 21:34:34 - INFO] - aiohttp.access - 18.232.188.221 [18/Jul/2023:21:34:34 +0000] "POST /back/.env HTTP/1.1" 404 173 "-" "Mozilla/5.0 (Macintosh; Intel Mac OS X 10.15; rv:77.0) Gecko/20100101 Firefox/77.0"
[18-Jul-23 21:34:34 - INFO] - aiohttp.access - 18.232.188.221 [18/Jul/2023:21:34:34 +0000] "GET /.env.dist HTTP/1.1" 404 173 "-" "Mozilla/5.0 (Macintosh; Intel Mac OS X 10.15; rv:77.0) Gecko/20100101 Firefox/77.0"
[18-Jul-23 21:34:34 - INFO] - aiohttp.access - 18.232.188.221 [18/Jul/2023:21:34:34 +0000] "POST /.env.dist HTTP/1.1" 404 173 "-" "Mozilla/5.0 (Macintosh; Intel Mac OS X 10.15; rv:77.0) Gecko/20100101 Firefox/77.0"
[18-Jul-23 21:34:35 - INFO] - aiohttp.access - 18.232.188.221 [18/Jul/2023:21:34:35 +0000] "GET /system/.env HTTP/1.1" 404 173 "-" "Mozilla/5.0 (Macintosh; Intel Mac OS X 10.15; rv:77.0) Gecko/20100101 Firefox/77.0"
[18-Jul-23 21:34:35 - INFO] - aiohttp.access - 18.232.188.221 [18/Jul/2023:21:34:35 +0000] "POST /system/.env HTTP/1.1" 404 173 "-" "Mozilla/5.0 (Macintosh; Intel Mac OS X 10.15; rv:77.0) Gecko/20100101 Firefox/77.0"
[18-Jul-23 21:34:36 - INFO] - aiohttp.access - 18.232.188.221 [18/Jul/2023:21:34:36 +0000] "GET /docker/.env HTTP/1.1" 404 173 "-" "Mozilla/5.0 (Macintosh; Intel Mac OS X 10.15; rv:77.0) Gecko/20100101 Firefox/77.0"
[18-Jul-23 21:34:36 - INFO] - aiohttp.access - 18.232.188.221 [18/Jul/2023:21:34:36 +0000] "POST /docker/.env HTTP/1.1" 404 173 "-" "Mozilla/5.0 (Macintosh; Intel Mac OS X 10.15; rv:77.0) Gecko/20100101 Firefox/77.0"
[18-Jul-23 21:34:36 - INFO] - aiohttp.access - 18.232.188.221 [18/Jul/2023:21:34:36 +0000] "GET /.env.production HTTP/1.1" 404 173 "-" "Mozilla/5.0 (Macintosh; Intel Mac OS X 10.15; rv:77.0) Gecko/20100101 Firefox/77.0"
[18-Jul-23 21:34:37 - INFO] - aiohttp.access - 18.232.188.221 [18/Jul/2023:21:34:37 +0000] "POST /.env.production HTTP/1.1" 404 173 "-" "Mozilla/5.0 (Macintosh; Intel Mac OS X 10.15; rv:77.0) Gecko/20100101 Firefox/77.0"
[18-Jul-23 21:34:37 - INFO] - aiohttp.access - 18.232.188.221 [18/Jul/2023:21:34:37 +0000] "GET /app/.env HTTP/1.1" 404 173 "-" "Mozilla/5.0 (Macintosh; Intel Mac OS X 10.15; rv:77.0) Gecko/20100101 Firefox/77.0"
[18-Jul-23 21:34:37 - INFO] - aiohttp.access - 18.232.188.221 [18/Jul/2023:21:34:37 +0000] "POST /app/.env HTTP/1.1" 404 173 "-" "Mozilla/5.0 (Macintosh; Intel Mac OS X 10.15; rv:77.0) Gecko/20100101 Firefox/77.0"
[18-Jul-23 21:34:38 - INFO] - aiohttp.access - 18.232.188.221 [18/Jul/2023:21:34:38 +0000] "GET /admin-app/.env HTTP/1.1" 404 173 "-" "Mozilla/5.0 (Macintosh; Intel Mac OS X 10.15; rv:77.0) Gecko/20100101 Firefox/77.0"
[18-Jul-23 21:34:38 - INFO] - aiohttp.access - 18.232.188.221 [18/Jul/2023:21:34:38 +0000] "POST /admin-app/.env HTTP/1.1" 404 173 "-" "Mozilla/5.0 (Macintosh; Intel Mac OS X 10.15; rv:77.0) Gecko/20100101 Firefox/77.0"
[18-Jul-23 21:34:39 - INFO] - aiohttp.access - 18.232.188.221 [18/Jul/2023:21:34:39 +0000] "GET /.env.save HTTP/1.1" 404 173 "-" "Mozilla/5.0 (Macintosh; Intel Mac OS X 10.15; rv:77.0) Gecko/20100101 Firefox/77.0"
[18-Jul-23 21:34:39 - INFO] - aiohttp.access - 18.232.188.221 [18/Jul/2023:21:34:39 +0000] "POST /.env.save HTTP/1.1" 404 173 "-" "Mozilla/5.0 (Macintosh; Intel Mac OS X 10.15; rv:77.0) Gecko/20100101 Firefox/77.0"
[18-Jul-23 21:34:39 - INFO] - aiohttp.access - 18.232.188.221 [18/Jul/2023:21:34:39 +0000] "GET /fedex/.env HTTP/1.1" 404 173 "-" "Mozilla/5.0 (Macintosh; Intel Mac OS X 10.15; rv:77.0) Gecko/20100101 Firefox/77.0"
[18-Jul-23 21:34:40 - INFO] - aiohttp.access - 18.232.188.221 [18/Jul/2023:21:34:40 +0000] "POST /fedex/.env HTTP/1.1" 404 173 "-" "Mozilla/5.0 (Macintosh; Intel Mac OS X 10.15; rv:77.0) Gecko/20100101 Firefox/77.0"
[18-Jul-23 21:34:40 - INFO] - aiohttp.access - 18.232.188.221 [18/Jul/2023:21:34:40 +0000] "GET /sources/.env HTTP/1.1" 404 173 "-" "Mozilla/5.0 (Macintosh; Intel Mac OS X 10.15; rv:77.0) Gecko/20100101 Firefox/77.0"
[18-Jul-23 21:34:41 - INFO] - aiohttp.access - 18.232.188.221 [18/Jul/2023:21:34:41 +0000] "POST /sources/.env HTTP/1.1" 404 173 "-" "Mozilla/5.0 (Macintosh; Intel Mac OS X 10.15; rv:77.0) Gecko/20100101 Firefox/77.0"
[18-Jul-23 21:34:41 - INFO] - aiohttp.access - 18.232.188.221 [18/Jul/2023:21:34:41 +0000] "GET /.env.prod HTTP/1.1" 404 173 "-" "Mozilla/5.0 (Macintosh; Intel Mac OS X 10.15; rv:77.0) Gecko/20100101 Firefox/77.0"
[18-Jul-23 21:34:41 - INFO] - aiohttp.access - 18.232.188.221 [18/Jul/2023:21:34:41 +0000] "POST /.env.prod HTTP/1.1" 404 173 "-" "Mozilla/5.0 (Macintosh; Intel Mac OS X 10.15; rv:77.0) Gecko/20100101 Firefox/77.0"
[18-Jul-23 21:34:42 - INFO] - aiohttp.access - 18.232.188.221 [18/Jul/2023:21:34:42 +0000] "GET /script/.env HTTP/1.1" 404 173 "-" "Mozilla/5.0 (Macintosh; Intel Mac OS X 10.15; rv:77.0) Gecko/20100101 Firefox/77.0"
[18-Jul-23 21:34:42 - INFO] - aiohttp.access - 18.232.188.221 [18/Jul/2023:21:34:42 +0000] "POST /script/.env HTTP/1.1" 404 173 "-" "Mozilla/5.0 (Macintosh; Intel Mac OS X 10.15; rv:77.0) Gecko/20100101 Firefox/77.0"
[18-Jul-23 21:34:42 - INFO] - aiohttp.access - 18.232.188.221 [18/Jul/2023:21:34:42 +0000] "GET /private/.env HTTP/1.1" 404 173 "-" "Mozilla/5.0 (Macintosh; Intel Mac OS X 10.15; rv:77.0) Gecko/20100101 Firefox/77.0"
[18-Jul-23 21:34:43 - INFO] - aiohttp.access - 18.232.188.221 [18/Jul/2023:21:34:43 +0000] "POST /private/.env HTTP/1.1" 404 173 "-" "Mozilla/5.0 (Macintosh; Intel Mac OS X 10.15; rv:77.0) Gecko/20100101 Firefox/77.0"
[18-Jul-23 21:34:43 - INFO] - aiohttp.access - 18.232.188.221 [18/Jul/2023:21:34:43 +0000] "GET /cp/.env HTTP/1.1" 404 173 "-" "Mozilla/5.0 (Macintosh; Intel Mac OS X 10.15; rv:77.0) Gecko/20100101 Firefox/77.0"
[18-Jul-23 21:34:44 - INFO] - aiohttp.access - 18.232.188.221 [18/Jul/2023:21:34:44 +0000] "POST /cp/.env HTTP/1.1" 404 173 "-" "Mozilla/5.0 (Macintosh; Intel Mac OS X 10.15; rv:77.0) Gecko/20100101 Firefox/77.0"
[18-Jul-23 21:34:44 - INFO] - aiohttp.access - 18.232.188.221 [18/Jul/2023:21:34:44 +0000] "GET /shared/.env HTTP/1.1" 404 173 "-" "Mozilla/5.0 (Macintosh; Intel Mac OS X 10.15; rv:77.0) Gecko/20100101 Firefox/77.0"
[18-Jul-23 21:34:44 - INFO] - aiohttp.access - 18.232.188.221 [18/Jul/2023:21:34:44 +0000] "POST /shared/.env HTTP/1.1" 404 173 "-" "Mozilla/5.0 (Macintosh; Intel Mac OS X 10.15; rv:77.0) Gecko/20100101 Firefox/77.0"
[18-Jul-23 21:34:45 - INFO] - aiohttp.access - 18.232.188.221 [18/Jul/2023:21:34:45 +0000] "GET /laravel/.env HTTP/1.1" 404 173 "-" "Mozilla/5.0 (Macintosh; Intel Mac OS X 10.15; rv:77.0) Gecko/20100101 Firefox/77.0"
[18-Jul-23 21:34:45 - INFO] - aiohttp.access - 18.232.188.221 [18/Jul/2023:21:34:45 +0000] "POST /laravel/.env HTTP/1.1" 404 173 "-" "Mozilla/5.0 (Macintosh; Intel Mac OS X 10.15; rv:77.0) Gecko/20100101 Firefox/77.0"
[18-Jul-23 21:34:45 - INFO] - aiohttp.access - 18.232.188.221 [18/Jul/2023:21:34:45 +0000] "GET /api/.env HTTP/1.1" 404 173 "-" "Mozilla/5.0 (Macintosh; Intel Mac OS X 10.15; rv:77.0) Gecko/20100101 Firefox/77.0"
[18-Jul-23 21:34:46 - INFO] - aiohttp.access - 18.232.188.221 [18/Jul/2023:21:34:46 +0000] "POST /api/.env HTTP/1.1" 404 173 "-" "Mozilla/5.0 (Macintosh; Intel Mac OS X 10.15; rv:77.0) Gecko/20100101 Firefox/77.0"
[18-Jul-23 21:34:46 - INFO] - aiohttp.access - 18.232.188.221 [18/Jul/2023:21:34:46 +0000] "GET /enviroments/.env HTTP/1.1" 404 173 "-" "Mozilla/5.0 (Macintosh; Intel Mac OS X 10.15; rv:77.0) Gecko/20100101 Firefox/77.0"
[18-Jul-23 21:34:47 - INFO] - aiohttp.access - 18.232.188.221 [18/Jul/2023:21:34:47 +0000] "POST /enviroments/.env HTTP/1.1" 404 173 "-" "Mozilla/5.0 (Macintosh; Intel Mac OS X 10.15; rv:77.0) Gecko/20100101 Firefox/77.0"
[18-Jul-23 21:34:47 - INFO] - aiohttp.access - 18.232.188.221 [18/Jul/2023:21:34:47 +0000] "GET /cms/.env HTTP/1.1" 404 173 "-" "Mozilla/5.0 (Macintosh; Intel Mac OS X 10.15; rv:77.0) Gecko/20100101 Firefox/77.0"
[18-Jul-23 21:34:47 - INFO] - aiohttp.access - 18.232.188.221 [18/Jul/2023:21:34:47 +0000] "POST /cms/.env HTTP/1.1" 404 173 "-" "Mozilla/5.0 (Macintosh; Intel Mac OS X 10.15; rv:77.0) Gecko/20100101 Firefox/77.0"
[18-Jul-23 21:34:48 - INFO] - aiohttp.access - 18.232.188.221 [18/Jul/2023:21:34:48 +0000] "GET /development/.env HTTP/1.1" 404 173 "-" "Mozilla/5.0 (Macintosh; Intel Mac OS X 10.15; rv:77.0) Gecko/20100101 Firefox/77.0"
[18-Jul-23 21:34:48 - INFO] - aiohttp.access - 18.232.188.221 [18/Jul/2023:21:34:48 +0000] "POST /development/.env HTTP/1.1" 404 173 "-" "Mozilla/5.0 (Macintosh; Intel Mac OS X 10.15; rv:77.0) Gecko/20100101 Firefox/77.0"
[18-Jul-23 21:34:48 - INFO] - aiohttp.access - 18.232.188.221 [18/Jul/2023:21:34:48 +0000] "GET /application/.env HTTP/1.1" 404 173 "-" "Mozilla/5.0 (Macintosh; Intel Mac OS X 10.15; rv:77.0) Gecko/20100101 Firefox/77.0"
[18-Jul-23 21:34:49 - INFO] - aiohttp.access - 18.232.188.221 [18/Jul/2023:21:34:49 +0000] "POST /application/.env HTTP/1.1" 404 173 "-" "Mozilla/5.0 (Macintosh; Intel Mac OS X 10.15; rv:77.0) Gecko/20100101 Firefox/77.0"
[18-Jul-23 21:34:49 - INFO] - aiohttp.access - 18.232.188.221 [18/Jul/2023:21:34:49 +0000] "GET /live_env HTTP/1.1" 404 173 "-" "Mozilla/5.0 (Macintosh; Intel Mac OS X 10.15; rv:77.0) Gecko/20100101 Firefox/77.0"
[18-Jul-23 21:34:50 - INFO] - aiohttp.access - 18.232.188.221 [18/Jul/2023:21:34:50 +0000] "POST /live_env HTTP/1.1" 404 173 "-" "Mozilla/5.0 (Macintosh; Intel Mac OS X 10.15; rv:77.0) Gecko/20100101 Firefox/77.0"
[18-Jul-23 21:34:50 - INFO] - aiohttp.access - 18.232.188.221 [18/Jul/2023:21:34:50 +0000] "GET /enviroments/.env.production HTTP/1.1" 404 173 "-" "Mozilla/5.0 (Macintosh; Intel Mac OS X 10.15; rv:77.0) Gecko/20100101 Firefox/77.0"
[18-Jul-23 21:34:50 - INFO] - aiohttp.access - 18.232.188.221 [18/Jul/2023:21:34:50 +0000] "POST /enviroments/.env.production HTTP/1.1" 404 173 "-" "Mozilla/5.0 (Macintosh; Intel Mac OS X 10.15; rv:77.0) Gecko/20100101 Firefox/77.0"
[18-Jul-23 21:34:51 - INFO] - aiohttp.access - 18.232.188.221 [18/Jul/2023:21:34:51 +0000] "GET /local/.env HTTP/1.1" 404 173 "-" "Mozilla/5.0 (Macintosh; Intel Mac OS X 10.15; rv:77.0) Gecko/20100101 Firefox/77.0"
[18-Jul-23 21:34:51 - INFO] - aiohttp.access - 18.232.188.221 [18/Jul/2023:21:34:51 +0000] "POST /local/.env HTTP/1.1" 404 173 "-" "Mozilla/5.0 (Macintosh; Intel Mac OS X 10.15; rv:77.0) Gecko/20100101 Firefox/77.0"
[18-Jul-23 21:34:51 - INFO] - aiohttp.access - 18.232.188.221 [18/Jul/2023:21:34:51 +0000] "GET /.env.project HTTP/1.1" 404 173 "-" "Mozilla/5.0 (Macintosh; Intel Mac OS X 10.15; rv:77.0) Gecko/20100101 Firefox/77.0"
[18-Jul-23 21:34:52 - INFO] - aiohttp.access - 18.232.188.221 [18/Jul/2023:21:34:52 +0000] "POST /.env.project HTTP/1.1" 404 173 "-" "Mozilla/5.0 (Macintosh; Intel Mac OS X 10.15; rv:77.0) Gecko/20100101 Firefox/77.0"
[18-Jul-23 21:34:52 - INFO] - aiohttp.access - 18.232.188.221 [18/Jul/2023:21:34:52 +0000] "GET /frontend_dev.php/$ HTTP/1.1" 404 173 "-" "Mozilla/5.0 (Macintosh; Intel Mac OS X 10.15; rv:77.0) Gecko/20100101 Firefox/77.0"
[18-Jul-23 21:34:53 - INFO] - aiohttp.access - 18.232.188.221 [18/Jul/2023:21:34:53 +0000] "GET /debug/default/view?panel=config HTTP/1.1" 404 173 "-" "Mozilla/5.0 (Macintosh; Intel Mac OS X 10.15; rv:77.0) Gecko/20100101 Firefox/77.0"
[18-Jul-23 21:34:53 - INFO] - aiohttp.access - 18.232.188.221 [18/Jul/2023:21:34:53 +0000] "GET /config.json HTTP/1.1" 404 173 "-" "Mozilla/5.0 (Macintosh; Intel Mac OS X 10.15; rv:77.0) Gecko/20100101 Firefox/77.0"
[18-Jul-23 21:34:53 - INFO] - aiohttp.access - 18.232.188.221 [18/Jul/2023:21:34:53 +0000] "GET /.json HTTP/1.1" 404 173 "-" "Mozilla/5.0 (Macintosh; Intel Mac OS X 10.15; rv:77.0) Gecko/20100101 Firefox/77.0"
[18-Jul-23 21:34:54 - INFO] - aiohttp.access - 18.232.188.221 [18/Jul/2023:21:34:54 +0000] "GET /info.php HTTP/1.1" 404 173 "-" "Mozilla/5.0 (Macintosh; Intel Mac OS X 10.15; rv:77.0) Gecko/20100101 Firefox/77.0"
[18-Jul-23 21:34:54 - INFO] - aiohttp.access - 18.232.188.221 [18/Jul/2023:21:34:54 +0000] "GET /_profiler/phpinfo HTTP/1.1" 404 173 "-" "Mozilla/5.0 (Macintosh; Intel Mac OS X 10.15; rv:77.0) Gecko/20100101 Firefox/77.0"
[18-Jul-23 21:34:54 - INFO] - aiohttp.access - 18.232.188.221 [18/Jul/2023:21:34:54 +0000] "GET /?phpinfo=1 HTTP/1.1" 200 169 "-" "Mozilla/5.0 (Macintosh; Intel Mac OS X 10.15; rv:77.0) Gecko/20100101 Firefox/77.0"
[18-Jul-23 21:34:55 - INFO] - aiohttp.access - 18.232.188.221 [18/Jul/2023:21:34:55 +0000] "GET /phpinfo.php HTTP/1.1" 404 173 "-" "Mozilla/5.0 (Macintosh; Intel Mac OS X 10.15; rv:77.0) Gecko/20100101 Firefox/77.0"
[18-Jul-23 21:52:19 - ERROR] - aiohttp.server - Error handling request
Traceback (most recent call last):
  File "/usr/local/lib/python3.10/dist-packages/aiohttp/web_protocol.py", line 332, in data_received
    messages, upgraded, tail = self._request_parser.feed_data(data)
  File "aiohttp/_http_parser.pyx", line 551, in aiohttp._http_parser.HttpParser.feed_data
aiohttp.http_exceptions.BadStatusLine: 400, message="Bad status line 'Invalid method encountered'"
[18-Jul-23 21:52:19 - INFO] - aiohttp.access - 205.210.31.29 [18/Jul/2023:21:52:19 +0000] "UNKNOWN / HTTP/1.0" 400 205 "-" "-"
[18-Jul-23 21:58:40 - ERROR] - aiohttp.server - Error handling request
Traceback (most recent call last):
  File "/usr/local/lib/python3.10/dist-packages/aiohttp/web_protocol.py", line 332, in data_received
    messages, upgraded, tail = self._request_parser.feed_data(data)
  File "aiohttp/_http_parser.pyx", line 551, in aiohttp._http_parser.HttpParser.feed_data
aiohttp.http_exceptions.BadStatusLine: 400, message="Bad status line 'Invalid method encountered'"
[18-Jul-23 21:58:40 - INFO] - aiohttp.access - 172.104.11.34 [18/Jul/2023:21:58:40 +0000] "UNKNOWN / HTTP/1.0" 400 205 "-" "-"
[18-Jul-23 22:04:24 - ERROR] - pyrogram.dispatcher - Telegram says: [400 MESSAGE_NOT_MODIFIED] - The message was not modified because you tried to edit it using the same content (caused by "messages.EditMessage")
Traceback (most recent call last):
  File "/usr/local/lib/python3.10/dist-packages/pyrogram/dispatcher.py", line 240, in handler_worker
    await handler.callback(self.client, *args)
  File "/home/ubuntu/public/Public-file-send-bot/plugins/cbb.py", line 12, in cb_handler
    await query.message.edit_text(
  File "/usr/local/lib/python3.10/dist-packages/pyrogram/types/messages_and_media/message.py", line 2803, in edit_text
    return await self._client.edit_message_text(
  File "/usr/local/lib/python3.10/dist-packages/pyrogram/methods/messages/edit_message_text.py", line 82, in edit_message_text
    r = await self.invoke(
  File "/usr/local/lib/python3.10/dist-packages/pyrogram/methods/advanced/invoke.py", line 79, in invoke
    r = await self.session.invoke(
  File "/usr/local/lib/python3.10/dist-packages/pyrogram/session/session.py", line 389, in invoke
    return await self.send(query, timeout=timeout)
  File "/usr/local/lib/python3.10/dist-packages/pyrogram/session/session.py", line 357, in send
    RPCError.raise_it(result, type(data))
  File "/usr/local/lib/python3.10/dist-packages/pyrogram/errors/rpc_error.py", line 91, in raise_it
    raise getattr(
pyrogram.errors.exceptions.bad_request_400.MessageNotModified: Telegram says: [400 MESSAGE_NOT_MODIFIED] - The message was not modified because you tried to edit it using the same content (caused by "messages.EditMessage")
[18-Jul-23 22:13:56 - INFO] - aiohttp.access - 43.155.118.219 [18/Jul/2023:22:13:56 +0000] "HEAD /Core/Skin/Login.aspx HTTP/1.1" 404 159 "-" "Mozilla/5.0 (Windows NT 10.0; Win64; x64) AppleWebKit/537.36 (KHTML, like Gecko) Chrome/106.0.0.0 Safari/537.36"
[18-Jul-23 22:16:41 - INFO] - aiohttp.access - 134.122.30.157 [18/Jul/2023:22:16:41 +0000] "GET /aaa9 HTTP/1.1" 404 173 "-" "Mozilla/5.0 zgrab/0.x"
[18-Jul-23 22:16:50 - INFO] - aiohttp.access - 134.122.30.157 [18/Jul/2023:22:16:50 +0000] "GET /aab8 HTTP/1.1" 404 173 "-" "Mozilla/5.0 zgrab/0.x"
[18-Jul-23 22:16:54 - INFO] - aiohttp.access - 134.122.30.157 [18/Jul/2023:22:16:54 +0000] "GET / HTTP/1.1" 200 169 "-" "Mozilla/5.0 zgrab/0.x"
[18-Jul-23 22:20:02 - INFO] - aiohttp.access - 192.241.202.20 [18/Jul/2023:22:20:02 +0000] "GET /manager/text/list HTTP/1.1" 404 173 "-" "Mozilla/5.0 zgrab/0.x"
[18-Jul-23 22:22:12 - ERROR] - aiohttp.server - Error handling request
Traceback (most recent call last):
  File "/usr/local/lib/python3.10/dist-packages/aiohttp/web_protocol.py", line 332, in data_received
    messages, upgraded, tail = self._request_parser.feed_data(data)
  File "aiohttp/_http_parser.pyx", line 551, in aiohttp._http_parser.HttpParser.feed_data
aiohttp.http_exceptions.BadStatusLine: 400, message="Bad status line 'Invalid method encountered'"
[18-Jul-23 22:22:12 - INFO] - aiohttp.access - 198.199.114.229 [18/Jul/2023:22:22:12 +0000] "UNKNOWN / HTTP/1.0" 400 205 "-" "-"
[18-Jul-23 23:22:30 - INFO] - aiohttp.access - 143.198.219.153 [18/Jul/2023:23:22:30 +0000] "GET /1.php HTTP/1.1" 404 173 "-" "Mozilla/5.0 (Windows NT 10.0; Win64; x64) AppleWebKit/537.36 (KHTML, like Gecko) Chrome/108.0.0.0 Safari/537.36"
[18-Jul-23 23:23:14 - INFO] - aiohttp.access - 138.197.15.182 [18/Jul/2023:23:23:14 +0000] "GET /aaa9 HTTP/1.1" 404 173 "-" "Mozilla/5.0 zgrab/0.x"
[18-Jul-23 23:23:33 - INFO] - aiohttp.access - 138.197.15.182 [18/Jul/2023:23:23:33 +0000] "GET /aab8 HTTP/1.1" 404 173 "-" "Mozilla/5.0 zgrab/0.x"
[18-Jul-23 23:24:00 - INFO] - aiohttp.access - 138.197.15.182 [18/Jul/2023:23:24:00 +0000] "GET / HTTP/1.1" 200 169 "-" "Mozilla/5.0 zgrab/0.x"
[18-Jul-23 23:25:46 - INFO] - aiohttp.access - 107.170.192.5 [18/Jul/2023:23:25:46 +0000] "GET /manager/html HTTP/1.1" 404 173 "-" "Mozilla/5.0 zgrab/0.x"
[18-Jul-23 23:28:39 - INFO] - aiohttp.access - 194.39.126.81 [18/Jul/2023:23:28:39 +0000] "GET /.env HTTP/1.1" 404 173 "-" "python-requests/2.31.0"
[18-Jul-23 23:31:28 - INFO] - aiohttp.access - 198.235.24.29 [18/Jul/2023:23:31:28 +0000] "GET / HTTP/1.1" 200 169 "-" "Expanse, a Palo Alto Networks company, searches across the global IPv4 space multiple times per day to identify customers&#39; presences on the Internet. If you would like to be excluded from our scans, please send IP addresses/domains to: scaninfo@paloaltonetworks.com"
[18-Jul-23 23:47:42 - INFO] - aiohttp.access - 43.155.118.219 [18/Jul/2023:23:47:42 +0000] "HEAD /Core/Skin/Login.aspx HTTP/1.1" 404 159 "-" "Mozilla/5.0 (Windows NT 10.0; Win64; x64) AppleWebKit/537.36 (KHTML, like Gecko) Chrome/106.0.0.0 Safari/537.36"
[18-Jul-23 23:48:48 - INFO] - aiohttp.access - 198.199.115.67 [18/Jul/2023:23:48:48 +0000] "GET /actuator/health HTTP/1.1" 404 173 "-" "Mozilla/5.0 zgrab/0.x"
[19-Jul-23 00:09:52 - INFO] - aiohttp.access - 192.241.206.81 [19/Jul/2023:00:09:52 +0000] "GET /hudson HTTP/1.1" 404 173 "-" "Mozilla/5.0 zgrab/0.x"
[19-Jul-23 00:14:54 - INFO] - aiohttp.access - 185.180.143.49 [19/Jul/2023:00:14:54 +0000] "GET /favicon-32x32.png HTTP/1.1" 404 173 "-" "Mozilla/5.0 (Windows NT 10.0; Win64; x64) AppleWebKit/537.36 (KHTML, like Gecko) Chrome/60.0.3112.113 Safari/537.36 "
[19-Jul-23 00:17:17 - INFO] - aiohttp.access - 170.64.154.53 [19/Jul/2023:00:17:17 +0000] "GET /aaa9 HTTP/1.1" 404 173 "-" "Mozilla/5.0 zgrab/0.x"
[19-Jul-23 00:17:27 - INFO] - aiohttp.access - 170.64.154.53 [19/Jul/2023:00:17:27 +0000] "GET /aab8 HTTP/1.1" 404 173 "-" "Mozilla/5.0 zgrab/0.x"
[19-Jul-23 00:17:36 - INFO] - aiohttp.access - 170.64.154.53 [19/Jul/2023:00:17:36 +0000] "GET / HTTP/1.1" 200 169 "-" "Mozilla/5.0 zgrab/0.x"
[19-Jul-23 00:30:20 - INFO] - aiohttp.access - 54.208.138.3 [19/Jul/2023:00:30:20 +0000] "GET /.git/HEAD HTTP/1.1" 404 192 "-" "Python-urllib/3.9"
[19-Jul-23 00:37:38 - INFO] - aiohttp.access - 54.208.138.3 [19/Jul/2023:00:37:38 +0000] "GET /.git/HEAD HTTP/1.1" 404 192 "-" "Python-urllib/3.9"
[19-Jul-23 00:39:51 - INFO] - aiohttp.access - 139.162.84.205 [19/Jul/2023:00:39:51 +0000] "GET / HTTP/1.0" 200 169 "-" "Mozilla/5.0 (X11; Linux x86_64) AppleWebKit/537.36 (KHTML, like Gecko) Chrome/109.0.0.0 Safari/537.36"
[19-Jul-23 00:41:49 - INFO] - aiohttp.access - 35.216.136.183 [19/Jul/2023:00:41:49 +0000] "GET / HTTP/1.1" 200 169 "-" "Mozilla/5.0"
[19-Jul-23 00:58:53 - INFO] - aiohttp.access - 45.12.253.48 [19/Jul/2023:00:58:53 +0000] "GET /.git/config HTTP/1.1" 404 173 "-" "python-requests/2.31.0"
[19-Jul-23 00:58:53 - INFO] - aiohttp.access - 45.12.253.48 [19/Jul/2023:00:58:53 +0000] "GET /.git/config HTTP/1.1" 404 173 "-" "python-requests/2.31.0"
[19-Jul-23 00:58:57 - INFO] - aiohttp.access - 45.12.253.48 [19/Jul/2023:00:58:57 +0000] "GET /.git/config HTTP/1.1" 404 173 "-" "python-requests/2.31.0"
[19-Jul-23 00:58:57 - INFO] - aiohttp.access - 45.12.253.48 [19/Jul/2023:00:58:57 +0000] "GET /.git/config HTTP/1.1" 404 173 "-" "python-requests/2.31.0"
